{"C:\\Users\\walfr\\Documents\\codes\\ketzal-app_backend\\src\\app.controller.js": {"path":"C:\\Users\\walfr\\Documents\\codes\\ketzal-app_backend\\src\\app.controller.js","statementMap":{"0":{"start":{"line":2,"column":24},"end":{"line":8,"column":1}},"1":{"start":{"line":3,"column":19},"end":{"line":3,"column":39}},"2":{"start":{"line":4,"column":4},"end":{"line":6,"column":5}},"3":{"start":{"line":4,"column":17},"end":{"line":4,"column":18}},"4":{"start":{"line":5,"column":8},"end":{"line":5,"column":96}},"5":{"start":{"line":7,"column":4},"end":{"line":7,"column":37}},"6":{"start":{"line":9,"column":19},"end":{"line":35,"column":1}},"7":{"start":{"line":10,"column":25},"end":{"line":10,"column":111}},"8":{"start":{"line":10,"column":70},"end":{"line":10,"column":111}},"9":{"start":{"line":10,"column":112},"end":{"line":10,"column":121}},"10":{"start":{"line":11,"column":15},"end":{"line":11,"column":29}},"11":{"start":{"line":11,"column":37},"end":{"line":11,"column":100}},"12":{"start":{"line":12,"column":17},"end":{"line":12,"column":91}},"13":{"start":{"line":13,"column":21},"end":{"line":13,"column":108}},"14":{"start":{"line":14,"column":18},"end":{"line":14,"column":23}},"15":{"start":{"line":15,"column":4},"end":{"line":32,"column":5}},"16":{"start":{"line":15,"column":17},"end":{"line":15,"column":38}},"17":{"start":{"line":16,"column":22},"end":{"line":16,"column":24}},"18":{"start":{"line":17,"column":8},"end":{"line":17,"column":81}},"19":{"start":{"line":17,"column":33},"end":{"line":17,"column":81}},"20":{"start":{"line":18,"column":8},"end":{"line":18,"column":80}},"21":{"start":{"line":18,"column":40},"end":{"line":18,"column":80}},"22":{"start":{"line":19,"column":8},"end":{"line":19,"column":182}},"23":{"start":{"line":19,"column":48},"end":{"line":19,"column":136}},"24":{"start":{"line":19,"column":58},"end":{"line":19,"column":136}},"25":{"start":{"line":19,"column":137},"end":{"line":19,"column":179}},"26":{"start":{"line":20,"column":21},"end":{"line":20,"column":134}},"27":{"start":{"line":21,"column":8},"end":{"line":31,"column":9}},"28":{"start":{"line":22,"column":12},"end":{"line":22,"column":44}},"29":{"start":{"line":22,"column":35},"end":{"line":22,"column":44}},"30":{"start":{"line":23,"column":12},"end":{"line":23,"column":102}},"31":{"start":{"line":23,"column":63},"end":{"line":23,"column":102}},"32":{"start":{"line":24,"column":12},"end":{"line":24,"column":59}},"33":{"start":{"line":24,"column":40},"end":{"line":24,"column":59}},"34":{"start":{"line":25,"column":12},"end":{"line":25,"column":59}},"35":{"start":{"line":25,"column":40},"end":{"line":25,"column":59}},"36":{"start":{"line":26,"column":12},"end":{"line":26,"column":65}},"37":{"start":{"line":26,"column":41},"end":{"line":26,"column":65}},"38":{"start":{"line":28,"column":13},"end":{"line":31,"column":9}},"39":{"start":{"line":29,"column":12},"end":{"line":30,"column":37}},"40":{"start":{"line":29,"column":34},"end":{"line":29,"column":58}},"41":{"start":{"line":30,"column":17},"end":{"line":30,"column":37}},"42":{"start":{"line":33,"column":4},"end":{"line":33,"column":74}},"43":{"start":{"line":33,"column":16},"end":{"line":33,"column":74}},"44":{"start":{"line":34,"column":4},"end":{"line":34,"column":16}},"45":{"start":{"line":36,"column":24},"end":{"line":39,"column":1}},"46":{"start":{"line":37,"column":4},"end":{"line":37,"column":99}},"47":{"start":{"line":37,"column":34},"end":{"line":37,"column":99}},"48":{"start":{"line":38,"column":4},"end":{"line":38,"column":121}},"49":{"start":{"line":40,"column":0},"end":{"line":40,"column":62}},"50":{"start":{"line":41,"column":0},"end":{"line":41,"column":31}},"51":{"start":{"line":42,"column":15},"end":{"line":42,"column":40}},"52":{"start":{"line":43,"column":20},"end":{"line":70,"column":3}},"53":{"start":{"line":44,"column":27},"end":{"line":44,"column":55}},"54":{"start":{"line":46,"column":34},"end":{"line":46,"column":36}},"55":{"start":{"line":48,"column":37},"end":{"line":48,"column":39}},"56":{"start":{"line":50,"column":24},"end":{"line":58,"column":8}},"57":{"start":{"line":52,"column":12},"end":{"line":52,"column":96}},"58":{"start":{"line":54,"column":8},"end":{"line":56,"column":10}},"59":{"start":{"line":55,"column":12},"end":{"line":55,"column":46}},"60":{"start":{"line":57,"column":8},"end":{"line":57,"column":31}},"61":{"start":{"line":59,"column":4},"end":{"line":59,"column":51}},"62":{"start":{"line":60,"column":4},"end":{"line":68,"column":9}},"63":{"start":{"line":61,"column":24},"end":{"line":61,"column":102}},"64":{"start":{"line":62,"column":8},"end":{"line":62,"column":53}},"65":{"start":{"line":63,"column":8},"end":{"line":63,"column":294}},"66":{"start":{"line":63,"column":160},"end":{"line":63,"column":185}},"67":{"start":{"line":63,"column":211},"end":{"line":63,"column":231}},"68":{"start":{"line":64,"column":8},"end":{"line":64,"column":181}},"69":{"start":{"line":65,"column":8},"end":{"line":65,"column":60}},"70":{"start":{"line":66,"column":8},"end":{"line":66,"column":150}},"71":{"start":{"line":66,"column":23},"end":{"line":66,"column":150}},"72":{"start":{"line":67,"column":8},"end":{"line":67,"column":63}},"73":{"start":{"line":69,"column":4},"end":{"line":69,"column":38}},"74":{"start":{"line":71,"column":0},"end":{"line":71,"column":38}}},"fnMap":{"0":{"name":"(anonymous_0)","decl":{"start":{"line":2,"column":60},"end":{"line":2,"column":61}},"loc":{"start":{"line":2,"column":100},"end":{"line":8,"column":1}},"line":2},"1":{"name":"(anonymous_1)","decl":{"start":{"line":9,"column":50},"end":{"line":9,"column":51}},"loc":{"start":{"line":9,"column":136},"end":{"line":35,"column":1}},"line":9},"2":{"name":"accept","decl":{"start":{"line":10,"column":13},"end":{"line":10,"column":19}},"loc":{"start":{"line":10,"column":23},"end":{"line":10,"column":123}},"line":10},"3":{"name":"(anonymous_3)","decl":{"start":{"line":19,"column":33},"end":{"line":19,"column":34}},"loc":{"start":{"line":19,"column":46},"end":{"line":19,"column":181}},"line":19},"4":{"name":"(anonymous_4)","decl":{"start":{"line":36,"column":60},"end":{"line":36,"column":61}},"loc":{"start":{"line":36,"column":87},"end":{"line":39,"column":1}},"line":36},"5":{"name":"(anonymous_5)","decl":{"start":{"line":43,"column":20},"end":{"line":43,"column":21}},"loc":{"start":{"line":43,"column":32},"end":{"line":70,"column":1}},"line":43},"6":{"name":"(anonymous_6)","decl":{"start":{"line":50,"column":52},"end":{"line":50,"column":53}},"loc":{"start":{"line":50,"column":64},"end":{"line":58,"column":5}},"line":50},"7":{"name":"AppController_1","decl":{"start":{"line":51,"column":17},"end":{"line":51,"column":32}},"loc":{"start":{"line":51,"column":45},"end":{"line":53,"column":9}},"line":51},"8":{"name":"(anonymous_8)","decl":{"start":{"line":54,"column":45},"end":{"line":54,"column":46}},"loc":{"start":{"line":54,"column":57},"end":{"line":56,"column":9}},"line":54},"9":{"name":"(anonymous_9)","decl":{"start":{"line":60,"column":5},"end":{"line":60,"column":6}},"loc":{"start":{"line":60,"column":17},"end":{"line":68,"column":5}},"line":60},"10":{"name":"(anonymous_10)","decl":{"start":{"line":63,"column":143},"end":{"line":63,"column":144}},"loc":{"start":{"line":63,"column":158},"end":{"line":63,"column":187}},"line":63},"11":{"name":"(anonymous_11)","decl":{"start":{"line":63,"column":194},"end":{"line":63,"column":195}},"loc":{"start":{"line":63,"column":209},"end":{"line":63,"column":233}},"line":63}},"branchMap":{"0":{"loc":{"start":{"line":2,"column":24},"end":{"line":8,"column":1}},"type":"binary-expr","locations":[{"start":{"line":2,"column":25},"end":{"line":2,"column":29}},{"start":{"line":2,"column":33},"end":{"line":2,"column":55}},{"start":{"line":2,"column":60},"end":{"line":8,"column":1}}],"line":2},"1":{"loc":{"start":{"line":5,"column":16},"end":{"line":5,"column":95}},"type":"cond-expr","locations":[{"start":{"line":5,"column":27},"end":{"line":5,"column":63}},{"start":{"line":5,"column":66},"end":{"line":5,"column":95}}],"line":5},"2":{"loc":{"start":{"line":7,"column":11},"end":{"line":7,"column":36}},"type":"cond-expr","locations":[{"start":{"line":7,"column":22},"end":{"line":7,"column":27}},{"start":{"line":7,"column":30},"end":{"line":7,"column":36}}],"line":7},"3":{"loc":{"start":{"line":9,"column":19},"end":{"line":35,"column":1}},"type":"binary-expr","locations":[{"start":{"line":9,"column":20},"end":{"line":9,"column":24}},{"start":{"line":9,"column":28},"end":{"line":9,"column":45}},{"start":{"line":9,"column":50},"end":{"line":35,"column":1}}],"line":9},"4":{"loc":{"start":{"line":10,"column":25},"end":{"line":10,"column":111}},"type":"if","locations":[{"start":{"line":10,"column":25},"end":{"line":10,"column":111}},{"start":{},"end":{}}],"line":10},"5":{"loc":{"start":{"line":10,"column":29},"end":{"line":10,"column":68}},"type":"binary-expr","locations":[{"start":{"line":10,"column":29},"end":{"line":10,"column":41}},{"start":{"line":10,"column":45},"end":{"line":10,"column":68}}],"line":10},"6":{"loc":{"start":{"line":11,"column":37},"end":{"line":11,"column":100}},"type":"cond-expr","locations":[{"start":{"line":11,"column":57},"end":{"line":11,"column":62}},{"start":{"line":11,"column":65},"end":{"line":11,"column":100}}],"line":11},"7":{"loc":{"start":{"line":11,"column":65},"end":{"line":11,"column":100}},"type":"cond-expr","locations":[{"start":{"line":11,"column":85},"end":{"line":11,"column":90}},{"start":{"line":11,"column":93},"end":{"line":11,"column":100}}],"line":11},"8":{"loc":{"start":{"line":12,"column":17},"end":{"line":12,"column":91}},"type":"cond-expr","locations":[{"start":{"line":12,"column":41},"end":{"line":12,"column":84}},{"start":{"line":12,"column":87},"end":{"line":12,"column":91}}],"line":12},"9":{"loc":{"start":{"line":12,"column":17},"end":{"line":12,"column":38}},"type":"binary-expr","locations":[{"start":{"line":12,"column":17},"end":{"line":12,"column":30}},{"start":{"line":12,"column":34},"end":{"line":12,"column":38}}],"line":12},"10":{"loc":{"start":{"line":12,"column":41},"end":{"line":12,"column":84}},"type":"cond-expr","locations":[{"start":{"line":12,"column":63},"end":{"line":12,"column":67}},{"start":{"line":12,"column":70},"end":{"line":12,"column":84}}],"line":12},"11":{"loc":{"start":{"line":13,"column":21},"end":{"line":13,"column":108}},"type":"binary-expr","locations":[{"start":{"line":13,"column":21},"end":{"line":13,"column":33}},{"start":{"line":13,"column":38},"end":{"line":13,"column":107}}],"line":13},"12":{"loc":{"start":{"line":13,"column":38},"end":{"line":13,"column":107}},"type":"cond-expr","locations":[{"start":{"line":13,"column":47},"end":{"line":13,"column":102}},{"start":{"line":13,"column":105},"end":{"line":13,"column":107}}],"line":13},"13":{"loc":{"start":{"line":17,"column":46},"end":{"line":17,"column":80}},"type":"cond-expr","locations":[{"start":{"line":17,"column":63},"end":{"line":17,"column":65}},{"start":{"line":17,"column":68},"end":{"line":17,"column":80}}],"line":17},"14":{"loc":{"start":{"line":19,"column":48},"end":{"line":19,"column":136}},"type":"if","locations":[{"start":{"line":19,"column":48},"end":{"line":19,"column":136}},{"start":{},"end":{}}],"line":19},"15":{"loc":{"start":{"line":19,"column":167},"end":{"line":19,"column":176}},"type":"binary-expr","locations":[{"start":{"line":19,"column":167},"end":{"line":19,"column":168}},{"start":{"line":19,"column":172},"end":{"line":19,"column":176}}],"line":19},"16":{"loc":{"start":{"line":20,"column":40},"end":{"line":20,"column":124}},"type":"cond-expr","locations":[{"start":{"line":20,"column":62},"end":{"line":20,"column":106}},{"start":{"line":20,"column":109},"end":{"line":20,"column":124}}],"line":20},"17":{"loc":{"start":{"line":21,"column":8},"end":{"line":31,"column":9}},"type":"if","locations":[{"start":{"line":21,"column":8},"end":{"line":31,"column":9}},{"start":{"line":28,"column":13},"end":{"line":31,"column":9}}],"line":21},"18":{"loc":{"start":{"line":22,"column":12},"end":{"line":22,"column":44}},"type":"if","locations":[{"start":{"line":22,"column":12},"end":{"line":22,"column":44}},{"start":{},"end":{}}],"line":22},"19":{"loc":{"start":{"line":23,"column":12},"end":{"line":23,"column":102}},"type":"if","locations":[{"start":{"line":23,"column":12},"end":{"line":23,"column":102}},{"start":{},"end":{}}],"line":23},"20":{"loc":{"start":{"line":23,"column":16},"end":{"line":23,"column":61}},"type":"binary-expr","locations":[{"start":{"line":23,"column":16},"end":{"line":23,"column":31}},{"start":{"line":23,"column":35},"end":{"line":23,"column":61}}],"line":23},"21":{"loc":{"start":{"line":24,"column":12},"end":{"line":24,"column":59}},"type":"if","locations":[{"start":{"line":24,"column":12},"end":{"line":24,"column":59}},{"start":{},"end":{}}],"line":24},"22":{"loc":{"start":{"line":25,"column":12},"end":{"line":25,"column":59}},"type":"if","locations":[{"start":{"line":25,"column":12},"end":{"line":25,"column":59}},{"start":{},"end":{}}],"line":25},"23":{"loc":{"start":{"line":26,"column":12},"end":{"line":26,"column":65}},"type":"if","locations":[{"start":{"line":26,"column":12},"end":{"line":26,"column":65}},{"start":{},"end":{}}],"line":26},"24":{"loc":{"start":{"line":28,"column":13},"end":{"line":31,"column":9}},"type":"if","locations":[{"start":{"line":28,"column":13},"end":{"line":31,"column":9}},{"start":{},"end":{}}],"line":28},"25":{"loc":{"start":{"line":29,"column":12},"end":{"line":30,"column":37}},"type":"if","locations":[{"start":{"line":29,"column":12},"end":{"line":30,"column":37}},{"start":{"line":30,"column":17},"end":{"line":30,"column":37}}],"line":29},"26":{"loc":{"start":{"line":33,"column":4},"end":{"line":33,"column":74}},"type":"if","locations":[{"start":{"line":33,"column":4},"end":{"line":33,"column":74}},{"start":{},"end":{}}],"line":33},"27":{"loc":{"start":{"line":36,"column":24},"end":{"line":39,"column":1}},"type":"binary-expr","locations":[{"start":{"line":36,"column":25},"end":{"line":36,"column":29}},{"start":{"line":36,"column":33},"end":{"line":36,"column":55}},{"start":{"line":36,"column":60},"end":{"line":39,"column":1}}],"line":36},"28":{"loc":{"start":{"line":37,"column":4},"end":{"line":37,"column":99}},"type":"if","locations":[{"start":{"line":37,"column":4},"end":{"line":37,"column":99}},{"start":{},"end":{}}],"line":37},"29":{"loc":{"start":{"line":37,"column":41},"end":{"line":37,"column":98}},"type":"cond-expr","locations":[{"start":{"line":37,"column":60},"end":{"line":37,"column":93}},{"start":{"line":37,"column":96},"end":{"line":37,"column":98}}],"line":37},"30":{"loc":{"start":{"line":38,"column":73},"end":{"line":38,"column":117}},"type":"cond-expr","locations":[{"start":{"line":38,"column":82},"end":{"line":38,"column":110}},{"start":{"line":38,"column":113},"end":{"line":38,"column":117}}],"line":38},"31":{"loc":{"start":{"line":61,"column":24},"end":{"line":61,"column":102}},"type":"cond-expr","locations":[{"start":{"line":61,"column":74},"end":{"line":61,"column":93}},{"start":{"line":61,"column":96},"end":{"line":61,"column":102}}],"line":61},"32":{"loc":{"start":{"line":61,"column":24},"end":{"line":61,"column":71}},"type":"binary-expr","locations":[{"start":{"line":61,"column":24},"end":{"line":61,"column":52}},{"start":{"line":61,"column":56},"end":{"line":61,"column":71}}],"line":61},"33":{"loc":{"start":{"line":66,"column":8},"end":{"line":66,"column":150}},"type":"if","locations":[{"start":{"line":66,"column":8},"end":{"line":66,"column":150}},{"start":{},"end":{}}],"line":66}},"s":{"0":0,"1":0,"2":0,"3":0,"4":0,"5":0,"6":0,"7":0,"8":0,"9":0,"10":0,"11":0,"12":0,"13":0,"14":0,"15":0,"16":0,"17":0,"18":0,"19":0,"20":0,"21":0,"22":0,"23":0,"24":0,"25":0,"26":0,"27":0,"28":0,"29":0,"30":0,"31":0,"32":0,"33":0,"34":0,"35":0,"36":0,"37":0,"38":0,"39":0,"40":0,"41":0,"42":0,"43":0,"44":0,"45":0,"46":0,"47":0,"48":0,"49":0,"50":0,"51":0,"52":0,"53":0,"54":0,"55":0,"56":0,"57":0,"58":0,"59":0,"60":0,"61":0,"62":0,"63":0,"64":0,"65":0,"66":0,"67":0,"68":0,"69":0,"70":0,"71":0,"72":0,"73":0,"74":0},"f":{"0":0,"1":0,"2":0,"3":0,"4":0,"5":0,"6":0,"7":0,"8":0,"9":0,"10":0,"11":0},"b":{"0":[0,0,0],"1":[0,0],"2":[0,0],"3":[0,0,0],"4":[0,0],"5":[0,0],"6":[0,0],"7":[0,0],"8":[0,0],"9":[0,0],"10":[0,0],"11":[0,0],"12":[0,0],"13":[0,0],"14":[0,0],"15":[0,0],"16":[0,0],"17":[0,0],"18":[0,0],"19":[0,0],"20":[0,0],"21":[0,0],"22":[0,0],"23":[0,0],"24":[0,0],"25":[0,0],"26":[0,0],"27":[0,0,0],"28":[0,0],"29":[0,0],"30":[0,0],"31":[0,0],"32":[0,0],"33":[0,0]},"inputSourceMap":null}
,"C:\\Users\\walfr\\Documents\\codes\\ketzal-app_backend\\src\\app.controller.spec.js": {"path":"C:\\Users\\walfr\\Documents\\codes\\ketzal-app_backend\\src\\app.controller.spec.js","statementMap":{"0":{"start":{"line":2,"column":16},"end":{"line":10,"column":1}},"1":{"start":{"line":3,"column":28},"end":{"line":3,"column":110}},"2":{"start":{"line":3,"column":91},"end":{"line":3,"column":106}},"3":{"start":{"line":4,"column":4},"end":{"line":9,"column":7}},"4":{"start":{"line":5,"column":36},"end":{"line":5,"column":97}},"5":{"start":{"line":5,"column":42},"end":{"line":5,"column":70}},"6":{"start":{"line":5,"column":85},"end":{"line":5,"column":95}},"7":{"start":{"line":6,"column":35},"end":{"line":6,"column":100}},"8":{"start":{"line":6,"column":41},"end":{"line":6,"column":73}},"9":{"start":{"line":6,"column":88},"end":{"line":6,"column":98}},"10":{"start":{"line":7,"column":32},"end":{"line":7,"column":116}},"11":{"start":{"line":8,"column":8},"end":{"line":8,"column":78}},"12":{"start":{"line":11,"column":18},"end":{"line":37,"column":1}},"13":{"start":{"line":12,"column":12},"end":{"line":12,"column":104}},"14":{"start":{"line":12,"column":43},"end":{"line":12,"column":68}},"15":{"start":{"line":12,"column":57},"end":{"line":12,"column":68}},"16":{"start":{"line":12,"column":69},"end":{"line":12,"column":81}},"17":{"start":{"line":12,"column":119},"end":{"line":12,"column":196}},"18":{"start":{"line":13,"column":4},"end":{"line":13,"column":160}},"19":{"start":{"line":13,"column":141},"end":{"line":13,"column":153}},"20":{"start":{"line":14,"column":23},"end":{"line":14,"column":68}},"21":{"start":{"line":14,"column":45},"end":{"line":14,"column":65}},"22":{"start":{"line":16,"column":8},"end":{"line":16,"column":70}},"23":{"start":{"line":16,"column":15},"end":{"line":16,"column":70}},"24":{"start":{"line":17,"column":8},"end":{"line":34,"column":66}},"25":{"start":{"line":17,"column":50},"end":{"line":34,"column":66}},"26":{"start":{"line":18,"column":12},"end":{"line":18,"column":169}},"27":{"start":{"line":18,"column":160},"end":{"line":18,"column":169}},"28":{"start":{"line":19,"column":12},"end":{"line":19,"column":52}},"29":{"start":{"line":19,"column":26},"end":{"line":19,"column":52}},"30":{"start":{"line":20,"column":12},"end":{"line":32,"column":13}},"31":{"start":{"line":21,"column":32},"end":{"line":21,"column":39}},"32":{"start":{"line":21,"column":40},"end":{"line":21,"column":46}},"33":{"start":{"line":22,"column":24},"end":{"line":22,"column":34}},"34":{"start":{"line":22,"column":35},"end":{"line":22,"column":72}},"35":{"start":{"line":23,"column":24},"end":{"line":23,"column":34}},"36":{"start":{"line":23,"column":35},"end":{"line":23,"column":45}},"37":{"start":{"line":23,"column":46},"end":{"line":23,"column":55}},"38":{"start":{"line":23,"column":56},"end":{"line":23,"column":65}},"39":{"start":{"line":24,"column":24},"end":{"line":24,"column":41}},"40":{"start":{"line":24,"column":42},"end":{"line":24,"column":55}},"41":{"start":{"line":24,"column":56},"end":{"line":24,"column":65}},"42":{"start":{"line":26,"column":20},"end":{"line":26,"column":128}},"43":{"start":{"line":26,"column":110},"end":{"line":26,"column":116}},"44":{"start":{"line":26,"column":117},"end":{"line":26,"column":126}},"45":{"start":{"line":27,"column":20},"end":{"line":27,"column":106}},"46":{"start":{"line":27,"column":81},"end":{"line":27,"column":97}},"47":{"start":{"line":27,"column":98},"end":{"line":27,"column":104}},"48":{"start":{"line":28,"column":20},"end":{"line":28,"column":89}},"49":{"start":{"line":28,"column":57},"end":{"line":28,"column":72}},"50":{"start":{"line":28,"column":73},"end":{"line":28,"column":80}},"51":{"start":{"line":28,"column":81},"end":{"line":28,"column":87}},"52":{"start":{"line":29,"column":20},"end":{"line":29,"column":87}},"53":{"start":{"line":29,"column":47},"end":{"line":29,"column":62}},"54":{"start":{"line":29,"column":63},"end":{"line":29,"column":78}},"55":{"start":{"line":29,"column":79},"end":{"line":29,"column":85}},"56":{"start":{"line":30,"column":20},"end":{"line":30,"column":42}},"57":{"start":{"line":30,"column":30},"end":{"line":30,"column":42}},"58":{"start":{"line":31,"column":20},"end":{"line":31,"column":33}},"59":{"start":{"line":31,"column":34},"end":{"line":31,"column":43}},"60":{"start":{"line":33,"column":12},"end":{"line":33,"column":39}},"61":{"start":{"line":34,"column":22},"end":{"line":34,"column":34}},"62":{"start":{"line":34,"column":35},"end":{"line":34,"column":41}},"63":{"start":{"line":34,"column":54},"end":{"line":34,"column":64}},"64":{"start":{"line":35,"column":8},"end":{"line":35,"column":35}},"65":{"start":{"line":35,"column":23},"end":{"line":35,"column":35}},"66":{"start":{"line":35,"column":36},"end":{"line":35,"column":89}},"67":{"start":{"line":38,"column":0},"end":{"line":38,"column":62}},"68":{"start":{"line":39,"column":16},"end":{"line":39,"column":42}},"69":{"start":{"line":40,"column":23},"end":{"line":40,"column":50}},"70":{"start":{"line":41,"column":20},"end":{"line":41,"column":44}},"71":{"start":{"line":42,"column":0},"end":{"line":64,"column":3}},"72":{"start":{"line":44,"column":4},"end":{"line":58,"column":11}},"73":{"start":{"line":44,"column":29},"end":{"line":58,"column":7}},"74":{"start":{"line":46,"column":8},"end":{"line":57,"column":11}},"75":{"start":{"line":47,"column":12},"end":{"line":56,"column":13}},"76":{"start":{"line":48,"column":24},"end":{"line":51,"column":34}},"77":{"start":{"line":53,"column":20},"end":{"line":53,"column":36}},"78":{"start":{"line":54,"column":20},"end":{"line":54,"column":76}},"79":{"start":{"line":55,"column":20},"end":{"line":55,"column":42}},"80":{"start":{"line":59,"column":4},"end":{"line":63,"column":7}},"81":{"start":{"line":60,"column":8},"end":{"line":62,"column":11}},"82":{"start":{"line":61,"column":12},"end":{"line":61,"column":66}}},"fnMap":{"0":{"name":"(anonymous_0)","decl":{"start":{"line":2,"column":44},"end":{"line":2,"column":45}},"loc":{"start":{"line":2,"column":89},"end":{"line":10,"column":1}},"line":2},"1":{"name":"adopt","decl":{"start":{"line":3,"column":13},"end":{"line":3,"column":18}},"loc":{"start":{"line":3,"column":26},"end":{"line":3,"column":112}},"line":3},"2":{"name":"(anonymous_2)","decl":{"start":{"line":3,"column":70},"end":{"line":3,"column":71}},"loc":{"start":{"line":3,"column":89},"end":{"line":3,"column":108}},"line":3},"3":{"name":"(anonymous_3)","decl":{"start":{"line":4,"column":36},"end":{"line":4,"column":37}},"loc":{"start":{"line":4,"column":63},"end":{"line":9,"column":5}},"line":4},"4":{"name":"fulfilled","decl":{"start":{"line":5,"column":17},"end":{"line":5,"column":26}},"loc":{"start":{"line":5,"column":34},"end":{"line":5,"column":99}},"line":5},"5":{"name":"rejected","decl":{"start":{"line":6,"column":17},"end":{"line":6,"column":25}},"loc":{"start":{"line":6,"column":33},"end":{"line":6,"column":102}},"line":6},"6":{"name":"step","decl":{"start":{"line":7,"column":17},"end":{"line":7,"column":21}},"loc":{"start":{"line":7,"column":30},"end":{"line":7,"column":118}},"line":7},"7":{"name":"(anonymous_7)","decl":{"start":{"line":11,"column":48},"end":{"line":11,"column":49}},"loc":{"start":{"line":11,"column":73},"end":{"line":37,"column":1}},"line":11},"8":{"name":"(anonymous_8)","decl":{"start":{"line":12,"column":30},"end":{"line":12,"column":31}},"loc":{"start":{"line":12,"column":41},"end":{"line":12,"column":83}},"line":12},"9":{"name":"(anonymous_9)","decl":{"start":{"line":13,"column":128},"end":{"line":13,"column":129}},"loc":{"start":{"line":13,"column":139},"end":{"line":13,"column":155}},"line":13},"10":{"name":"verb","decl":{"start":{"line":14,"column":13},"end":{"line":14,"column":17}},"loc":{"start":{"line":14,"column":21},"end":{"line":14,"column":70}},"line":14},"11":{"name":"(anonymous_11)","decl":{"start":{"line":14,"column":30},"end":{"line":14,"column":31}},"loc":{"start":{"line":14,"column":43},"end":{"line":14,"column":67}},"line":14},"12":{"name":"step","decl":{"start":{"line":15,"column":13},"end":{"line":15,"column":17}},"loc":{"start":{"line":15,"column":22},"end":{"line":36,"column":5}},"line":15},"13":{"name":"(anonymous_13)","decl":{"start":{"line":42,"column":26},"end":{"line":42,"column":27}},"loc":{"start":{"line":42,"column":38},"end":{"line":64,"column":1}},"line":42},"14":{"name":"(anonymous_14)","decl":{"start":{"line":44,"column":15},"end":{"line":44,"column":16}},"loc":{"start":{"line":44,"column":27},"end":{"line":58,"column":9}},"line":44},"15":{"name":"(anonymous_15)","decl":{"start":{"line":44,"column":70},"end":{"line":44,"column":71}},"loc":{"start":{"line":44,"column":82},"end":{"line":58,"column":5}},"line":44},"16":{"name":"(anonymous_16)","decl":{"start":{"line":46,"column":33},"end":{"line":46,"column":34}},"loc":{"start":{"line":46,"column":47},"end":{"line":57,"column":9}},"line":46},"17":{"name":"(anonymous_17)","decl":{"start":{"line":59,"column":21},"end":{"line":59,"column":22}},"loc":{"start":{"line":59,"column":33},"end":{"line":63,"column":5}},"line":59},"18":{"name":"(anonymous_18)","decl":{"start":{"line":60,"column":43},"end":{"line":60,"column":44}},"loc":{"start":{"line":60,"column":55},"end":{"line":62,"column":9}},"line":60}},"branchMap":{"0":{"loc":{"start":{"line":2,"column":16},"end":{"line":10,"column":1}},"type":"binary-expr","locations":[{"start":{"line":2,"column":17},"end":{"line":2,"column":21}},{"start":{"line":2,"column":25},"end":{"line":2,"column":39}},{"start":{"line":2,"column":44},"end":{"line":10,"column":1}}],"line":2},"1":{"loc":{"start":{"line":3,"column":35},"end":{"line":3,"column":109}},"type":"cond-expr","locations":[{"start":{"line":3,"column":56},"end":{"line":3,"column":61}},{"start":{"line":3,"column":64},"end":{"line":3,"column":109}}],"line":3},"2":{"loc":{"start":{"line":4,"column":16},"end":{"line":4,"column":34}},"type":"binary-expr","locations":[{"start":{"line":4,"column":16},"end":{"line":4,"column":17}},{"start":{"line":4,"column":22},"end":{"line":4,"column":33}}],"line":4},"3":{"loc":{"start":{"line":7,"column":32},"end":{"line":7,"column":115}},"type":"cond-expr","locations":[{"start":{"line":7,"column":46},"end":{"line":7,"column":67}},{"start":{"line":7,"column":70},"end":{"line":7,"column":115}}],"line":7},"4":{"loc":{"start":{"line":8,"column":51},"end":{"line":8,"column":67}},"type":"binary-expr","locations":[{"start":{"line":8,"column":51},"end":{"line":8,"column":61}},{"start":{"line":8,"column":65},"end":{"line":8,"column":67}}],"line":8},"5":{"loc":{"start":{"line":11,"column":18},"end":{"line":37,"column":1}},"type":"binary-expr","locations":[{"start":{"line":11,"column":19},"end":{"line":11,"column":23}},{"start":{"line":11,"column":27},"end":{"line":11,"column":43}},{"start":{"line":11,"column":48},"end":{"line":37,"column":1}}],"line":11},"6":{"loc":{"start":{"line":12,"column":43},"end":{"line":12,"column":68}},"type":"if","locations":[{"start":{"line":12,"column":43},"end":{"line":12,"column":68}},{"start":{},"end":{}}],"line":12},"7":{"loc":{"start":{"line":12,"column":134},"end":{"line":12,"column":184}},"type":"cond-expr","locations":[{"start":{"line":12,"column":167},"end":{"line":12,"column":175}},{"start":{"line":12,"column":178},"end":{"line":12,"column":184}}],"line":12},"8":{"loc":{"start":{"line":13,"column":74},"end":{"line":13,"column":156}},"type":"binary-expr","locations":[{"start":{"line":13,"column":74},"end":{"line":13,"column":102}},{"start":{"line":13,"column":107},"end":{"line":13,"column":155}}],"line":13},"9":{"loc":{"start":{"line":16,"column":8},"end":{"line":16,"column":70}},"type":"if","locations":[{"start":{"line":16,"column":8},"end":{"line":16,"column":70}},{"start":{},"end":{}}],"line":16},"10":{"loc":{"start":{"line":17,"column":15},"end":{"line":17,"column":45}},"type":"binary-expr","locations":[{"start":{"line":17,"column":15},"end":{"line":17,"column":16}},{"start":{"line":17,"column":21},"end":{"line":17,"column":44}}],"line":17},"11":{"loc":{"start":{"line":17,"column":28},"end":{"line":17,"column":44}},"type":"binary-expr","locations":[{"start":{"line":17,"column":28},"end":{"line":17,"column":33}},{"start":{"line":17,"column":38},"end":{"line":17,"column":43}}],"line":17},"12":{"loc":{"start":{"line":18,"column":12},"end":{"line":18,"column":169}},"type":"if","locations":[{"start":{"line":18,"column":12},"end":{"line":18,"column":169}},{"start":{},"end":{}}],"line":18},"13":{"loc":{"start":{"line":18,"column":23},"end":{"line":18,"column":158}},"type":"binary-expr","locations":[{"start":{"line":18,"column":23},"end":{"line":18,"column":24}},{"start":{"line":18,"column":29},"end":{"line":18,"column":125}},{"start":{"line":18,"column":130},"end":{"line":18,"column":158}}],"line":18},"14":{"loc":{"start":{"line":18,"column":33},"end":{"line":18,"column":125}},"type":"cond-expr","locations":[{"start":{"line":18,"column":45},"end":{"line":18,"column":56}},{"start":{"line":18,"column":59},"end":{"line":18,"column":125}}],"line":18},"15":{"loc":{"start":{"line":18,"column":59},"end":{"line":18,"column":125}},"type":"cond-expr","locations":[{"start":{"line":18,"column":67},"end":{"line":18,"column":116}},{"start":{"line":18,"column":119},"end":{"line":18,"column":125}}],"line":18},"16":{"loc":{"start":{"line":18,"column":67},"end":{"line":18,"column":116}},"type":"binary-expr","locations":[{"start":{"line":18,"column":67},"end":{"line":18,"column":77}},{"start":{"line":18,"column":82},"end":{"line":18,"column":115}}],"line":18},"17":{"loc":{"start":{"line":18,"column":82},"end":{"line":18,"column":112}},"type":"binary-expr","locations":[{"start":{"line":18,"column":83},"end":{"line":18,"column":98}},{"start":{"line":18,"column":103},"end":{"line":18,"column":112}}],"line":18},"18":{"loc":{"start":{"line":19,"column":12},"end":{"line":19,"column":52}},"type":"if","locations":[{"start":{"line":19,"column":12},"end":{"line":19,"column":52}},{"start":{},"end":{}}],"line":19},"19":{"loc":{"start":{"line":20,"column":12},"end":{"line":32,"column":13}},"type":"switch","locations":[{"start":{"line":21,"column":16},"end":{"line":21,"column":23}},{"start":{"line":21,"column":24},"end":{"line":21,"column":46}},{"start":{"line":22,"column":16},"end":{"line":22,"column":72}},{"start":{"line":23,"column":16},"end":{"line":23,"column":65}},{"start":{"line":24,"column":16},"end":{"line":24,"column":65}},{"start":{"line":25,"column":16},"end":{"line":31,"column":43}}],"line":20},"20":{"loc":{"start":{"line":26,"column":20},"end":{"line":26,"column":128}},"type":"if","locations":[{"start":{"line":26,"column":20},"end":{"line":26,"column":128}},{"start":{},"end":{}}],"line":26},"21":{"loc":{"start":{"line":26,"column":24},"end":{"line":26,"column":106}},"type":"binary-expr","locations":[{"start":{"line":26,"column":24},"end":{"line":26,"column":74}},{"start":{"line":26,"column":79},"end":{"line":26,"column":90}},{"start":{"line":26,"column":94},"end":{"line":26,"column":105}}],"line":26},"22":{"loc":{"start":{"line":26,"column":42},"end":{"line":26,"column":73}},"type":"binary-expr","locations":[{"start":{"line":26,"column":42},"end":{"line":26,"column":54}},{"start":{"line":26,"column":58},"end":{"line":26,"column":73}}],"line":26},"23":{"loc":{"start":{"line":27,"column":20},"end":{"line":27,"column":106}},"type":"if","locations":[{"start":{"line":27,"column":20},"end":{"line":27,"column":106}},{"start":{},"end":{}}],"line":27},"24":{"loc":{"start":{"line":27,"column":24},"end":{"line":27,"column":77}},"type":"binary-expr","locations":[{"start":{"line":27,"column":24},"end":{"line":27,"column":35}},{"start":{"line":27,"column":40},"end":{"line":27,"column":42}},{"start":{"line":27,"column":47},"end":{"line":27,"column":59}},{"start":{"line":27,"column":63},"end":{"line":27,"column":75}}],"line":27},"25":{"loc":{"start":{"line":28,"column":20},"end":{"line":28,"column":89}},"type":"if","locations":[{"start":{"line":28,"column":20},"end":{"line":28,"column":89}},{"start":{},"end":{}}],"line":28},"26":{"loc":{"start":{"line":28,"column":24},"end":{"line":28,"column":53}},"type":"binary-expr","locations":[{"start":{"line":28,"column":24},"end":{"line":28,"column":35}},{"start":{"line":28,"column":39},"end":{"line":28,"column":53}}],"line":28},"27":{"loc":{"start":{"line":29,"column":20},"end":{"line":29,"column":87}},"type":"if","locations":[{"start":{"line":29,"column":20},"end":{"line":29,"column":87}},{"start":{},"end":{}}],"line":29},"28":{"loc":{"start":{"line":29,"column":24},"end":{"line":29,"column":43}},"type":"binary-expr","locations":[{"start":{"line":29,"column":24},"end":{"line":29,"column":25}},{"start":{"line":29,"column":29},"end":{"line":29,"column":43}}],"line":29},"29":{"loc":{"start":{"line":30,"column":20},"end":{"line":30,"column":42}},"type":"if","locations":[{"start":{"line":30,"column":20},"end":{"line":30,"column":42}},{"start":{},"end":{}}],"line":30},"30":{"loc":{"start":{"line":35,"column":8},"end":{"line":35,"column":35}},"type":"if","locations":[{"start":{"line":35,"column":8},"end":{"line":35,"column":35}},{"start":{},"end":{}}],"line":35},"31":{"loc":{"start":{"line":35,"column":52},"end":{"line":35,"column":74}},"type":"cond-expr","locations":[{"start":{"line":35,"column":60},"end":{"line":35,"column":65}},{"start":{"line":35,"column":68},"end":{"line":35,"column":74}}],"line":35},"32":{"loc":{"start":{"line":47,"column":12},"end":{"line":56,"column":13}},"type":"switch","locations":[{"start":{"line":48,"column":16},"end":{"line":51,"column":34}},{"start":{"line":52,"column":16},"end":{"line":55,"column":42}}],"line":47}},"s":{"0":0,"1":0,"2":0,"3":0,"4":0,"5":0,"6":0,"7":0,"8":0,"9":0,"10":0,"11":0,"12":0,"13":0,"14":0,"15":0,"16":0,"17":0,"18":0,"19":0,"20":0,"21":0,"22":0,"23":0,"24":0,"25":0,"26":0,"27":0,"28":0,"29":0,"30":0,"31":0,"32":0,"33":0,"34":0,"35":0,"36":0,"37":0,"38":0,"39":0,"40":0,"41":0,"42":0,"43":0,"44":0,"45":0,"46":0,"47":0,"48":0,"49":0,"50":0,"51":0,"52":0,"53":0,"54":0,"55":0,"56":0,"57":0,"58":0,"59":0,"60":0,"61":0,"62":0,"63":0,"64":0,"65":0,"66":0,"67":0,"68":0,"69":0,"70":0,"71":0,"72":0,"73":0,"74":0,"75":0,"76":0,"77":0,"78":0,"79":0,"80":0,"81":0,"82":0},"f":{"0":0,"1":0,"2":0,"3":0,"4":0,"5":0,"6":0,"7":0,"8":0,"9":0,"10":0,"11":0,"12":0,"13":0,"14":0,"15":0,"16":0,"17":0,"18":0},"b":{"0":[0,0,0],"1":[0,0],"2":[0,0],"3":[0,0],"4":[0,0],"5":[0,0,0],"6":[0,0],"7":[0,0],"8":[0,0],"9":[0,0],"10":[0,0],"11":[0,0],"12":[0,0],"13":[0,0,0],"14":[0,0],"15":[0,0],"16":[0,0],"17":[0,0],"18":[0,0],"19":[0,0,0,0,0,0],"20":[0,0],"21":[0,0,0],"22":[0,0],"23":[0,0],"24":[0,0,0,0],"25":[0,0],"26":[0,0],"27":[0,0],"28":[0,0],"29":[0,0],"30":[0,0],"31":[0,0],"32":[0,0]},"inputSourceMap":null}
,"C:\\Users\\walfr\\Documents\\codes\\ketzal-app_backend\\src\\app.controller.ts": {"path":"C:\\Users\\walfr\\Documents\\codes\\ketzal-app_backend\\src\\app.controller.ts","statementMap":{"0":{"start":{"line":1,"column":0},"end":{"line":1,"column":49}},"1":{"start":{"line":2,"column":0},"end":{"line":2,"column":43}},"2":{"start":{"line":5,"column":7},"end":{"line":17,"column":null}},"3":{"start":{"line":6,"column":31},"end":{"line":6,"column":43}},"4":{"start":{"line":10,"column":4},"end":{"line":10,"column":38}},"5":{"start":{"line":15,"column":4},"end":{"line":15,"column":16}},"6":{"start":{"line":5,"column":13},"end":{"line":5,"column":26}},"7":{"start":{"line":9,"column":2},"end":{"line":11,"column":null}},"8":{"start":{"line":14,"column":2},"end":{"line":16,"column":null}},"9":{"start":{"line":5,"column":13},"end":{"line":17,"column":null}}},"fnMap":{"0":{"name":"(anonymous_2)","decl":{"start":{"line":6,"column":2},"end":{"line":6,"column":31}},"loc":{"start":{"line":6,"column":53},"end":{"line":6,"column":57}}},"1":{"name":"(anonymous_3)","decl":{"start":{"line":9,"column":2},"end":{"line":9,"column":10}},"loc":{"start":{"line":9,"column":10},"end":{"line":11,"column":3}}},"2":{"name":"(anonymous_4)","decl":{"start":{"line":14,"column":2},"end":{"line":14,"column":13}},"loc":{"start":{"line":14,"column":13},"end":{"line":16,"column":3}}}},"branchMap":{},"s":{"0":0,"1":0,"2":0,"3":0,"4":0,"5":0,"6":0,"7":0,"8":0,"9":0},"f":{"0":0,"1":0,"2":0},"b":{}}
,"C:\\Users\\walfr\\Documents\\codes\\ketzal-app_backend\\src\\app.service.js": {"path":"C:\\Users\\walfr\\Documents\\codes\\ketzal-app_backend\\src\\app.service.js","statementMap":{"0":{"start":{"line":2,"column":19},"end":{"line":28,"column":1}},"1":{"start":{"line":3,"column":25},"end":{"line":3,"column":111}},"2":{"start":{"line":3,"column":70},"end":{"line":3,"column":111}},"3":{"start":{"line":3,"column":112},"end":{"line":3,"column":121}},"4":{"start":{"line":4,"column":15},"end":{"line":4,"column":29}},"5":{"start":{"line":4,"column":37},"end":{"line":4,"column":100}},"6":{"start":{"line":5,"column":17},"end":{"line":5,"column":91}},"7":{"start":{"line":6,"column":21},"end":{"line":6,"column":108}},"8":{"start":{"line":7,"column":18},"end":{"line":7,"column":23}},"9":{"start":{"line":8,"column":4},"end":{"line":25,"column":5}},"10":{"start":{"line":8,"column":17},"end":{"line":8,"column":38}},"11":{"start":{"line":9,"column":22},"end":{"line":9,"column":24}},"12":{"start":{"line":10,"column":8},"end":{"line":10,"column":81}},"13":{"start":{"line":10,"column":33},"end":{"line":10,"column":81}},"14":{"start":{"line":11,"column":8},"end":{"line":11,"column":80}},"15":{"start":{"line":11,"column":40},"end":{"line":11,"column":80}},"16":{"start":{"line":12,"column":8},"end":{"line":12,"column":182}},"17":{"start":{"line":12,"column":48},"end":{"line":12,"column":136}},"18":{"start":{"line":12,"column":58},"end":{"line":12,"column":136}},"19":{"start":{"line":12,"column":137},"end":{"line":12,"column":179}},"20":{"start":{"line":13,"column":21},"end":{"line":13,"column":134}},"21":{"start":{"line":14,"column":8},"end":{"line":24,"column":9}},"22":{"start":{"line":15,"column":12},"end":{"line":15,"column":44}},"23":{"start":{"line":15,"column":35},"end":{"line":15,"column":44}},"24":{"start":{"line":16,"column":12},"end":{"line":16,"column":102}},"25":{"start":{"line":16,"column":63},"end":{"line":16,"column":102}},"26":{"start":{"line":17,"column":12},"end":{"line":17,"column":59}},"27":{"start":{"line":17,"column":40},"end":{"line":17,"column":59}},"28":{"start":{"line":18,"column":12},"end":{"line":18,"column":59}},"29":{"start":{"line":18,"column":40},"end":{"line":18,"column":59}},"30":{"start":{"line":19,"column":12},"end":{"line":19,"column":65}},"31":{"start":{"line":19,"column":41},"end":{"line":19,"column":65}},"32":{"start":{"line":21,"column":13},"end":{"line":24,"column":9}},"33":{"start":{"line":22,"column":12},"end":{"line":23,"column":37}},"34":{"start":{"line":22,"column":34},"end":{"line":22,"column":58}},"35":{"start":{"line":23,"column":17},"end":{"line":23,"column":37}},"36":{"start":{"line":26,"column":4},"end":{"line":26,"column":74}},"37":{"start":{"line":26,"column":16},"end":{"line":26,"column":74}},"38":{"start":{"line":27,"column":4},"end":{"line":27,"column":16}},"39":{"start":{"line":29,"column":24},"end":{"line":35,"column":1}},"40":{"start":{"line":30,"column":19},"end":{"line":30,"column":39}},"41":{"start":{"line":31,"column":4},"end":{"line":33,"column":5}},"42":{"start":{"line":31,"column":17},"end":{"line":31,"column":18}},"43":{"start":{"line":32,"column":8},"end":{"line":32,"column":96}},"44":{"start":{"line":34,"column":4},"end":{"line":34,"column":37}},"45":{"start":{"line":36,"column":24},"end":{"line":39,"column":1}},"46":{"start":{"line":37,"column":4},"end":{"line":37,"column":99}},"47":{"start":{"line":37,"column":34},"end":{"line":37,"column":99}},"48":{"start":{"line":38,"column":4},"end":{"line":38,"column":121}},"49":{"start":{"line":40,"column":0},"end":{"line":40,"column":62}},"50":{"start":{"line":41,"column":0},"end":{"line":41,"column":28}},"51":{"start":{"line":42,"column":15},"end":{"line":42,"column":40}},"52":{"start":{"line":43,"column":17},"end":{"line":65,"column":3}},"53":{"start":{"line":44,"column":27},"end":{"line":44,"column":55}},"54":{"start":{"line":46,"column":34},"end":{"line":46,"column":36}},"55":{"start":{"line":48,"column":21},"end":{"line":55,"column":8}},"56":{"start":{"line":51,"column":8},"end":{"line":53,"column":10}},"57":{"start":{"line":52,"column":12},"end":{"line":52,"column":34}},"58":{"start":{"line":54,"column":8},"end":{"line":54,"column":28}},"59":{"start":{"line":56,"column":4},"end":{"line":56,"column":48}},"60":{"start":{"line":57,"column":4},"end":{"line":63,"column":9}},"61":{"start":{"line":58,"column":24},"end":{"line":58,"column":102}},"62":{"start":{"line":59,"column":8},"end":{"line":59,"column":181}},"63":{"start":{"line":60,"column":8},"end":{"line":60,"column":57}},"64":{"start":{"line":61,"column":8},"end":{"line":61,"column":150}},"65":{"start":{"line":61,"column":23},"end":{"line":61,"column":150}},"66":{"start":{"line":62,"column":8},"end":{"line":62,"column":63}},"67":{"start":{"line":64,"column":4},"end":{"line":64,"column":35}},"68":{"start":{"line":66,"column":0},"end":{"line":66,"column":32}}},"fnMap":{"0":{"name":"(anonymous_0)","decl":{"start":{"line":2,"column":50},"end":{"line":2,"column":51}},"loc":{"start":{"line":2,"column":136},"end":{"line":28,"column":1}},"line":2},"1":{"name":"accept","decl":{"start":{"line":3,"column":13},"end":{"line":3,"column":19}},"loc":{"start":{"line":3,"column":23},"end":{"line":3,"column":123}},"line":3},"2":{"name":"(anonymous_2)","decl":{"start":{"line":12,"column":33},"end":{"line":12,"column":34}},"loc":{"start":{"line":12,"column":46},"end":{"line":12,"column":181}},"line":12},"3":{"name":"(anonymous_3)","decl":{"start":{"line":29,"column":60},"end":{"line":29,"column":61}},"loc":{"start":{"line":29,"column":100},"end":{"line":35,"column":1}},"line":29},"4":{"name":"(anonymous_4)","decl":{"start":{"line":36,"column":60},"end":{"line":36,"column":61}},"loc":{"start":{"line":36,"column":87},"end":{"line":39,"column":1}},"line":36},"5":{"name":"(anonymous_5)","decl":{"start":{"line":43,"column":17},"end":{"line":43,"column":18}},"loc":{"start":{"line":43,"column":29},"end":{"line":65,"column":1}},"line":43},"6":{"name":"(anonymous_6)","decl":{"start":{"line":48,"column":49},"end":{"line":48,"column":50}},"loc":{"start":{"line":48,"column":61},"end":{"line":55,"column":5}},"line":48},"7":{"name":"AppService_1","decl":{"start":{"line":49,"column":17},"end":{"line":49,"column":29}},"loc":{"start":{"line":49,"column":32},"end":{"line":50,"column":9}},"line":49},"8":{"name":"(anonymous_8)","decl":{"start":{"line":51,"column":42},"end":{"line":51,"column":43}},"loc":{"start":{"line":51,"column":54},"end":{"line":53,"column":9}},"line":51},"9":{"name":"(anonymous_9)","decl":{"start":{"line":57,"column":5},"end":{"line":57,"column":6}},"loc":{"start":{"line":57,"column":17},"end":{"line":63,"column":5}},"line":57}},"branchMap":{"0":{"loc":{"start":{"line":2,"column":19},"end":{"line":28,"column":1}},"type":"binary-expr","locations":[{"start":{"line":2,"column":20},"end":{"line":2,"column":24}},{"start":{"line":2,"column":28},"end":{"line":2,"column":45}},{"start":{"line":2,"column":50},"end":{"line":28,"column":1}}],"line":2},"1":{"loc":{"start":{"line":3,"column":25},"end":{"line":3,"column":111}},"type":"if","locations":[{"start":{"line":3,"column":25},"end":{"line":3,"column":111}},{"start":{},"end":{}}],"line":3},"2":{"loc":{"start":{"line":3,"column":29},"end":{"line":3,"column":68}},"type":"binary-expr","locations":[{"start":{"line":3,"column":29},"end":{"line":3,"column":41}},{"start":{"line":3,"column":45},"end":{"line":3,"column":68}}],"line":3},"3":{"loc":{"start":{"line":4,"column":37},"end":{"line":4,"column":100}},"type":"cond-expr","locations":[{"start":{"line":4,"column":57},"end":{"line":4,"column":62}},{"start":{"line":4,"column":65},"end":{"line":4,"column":100}}],"line":4},"4":{"loc":{"start":{"line":4,"column":65},"end":{"line":4,"column":100}},"type":"cond-expr","locations":[{"start":{"line":4,"column":85},"end":{"line":4,"column":90}},{"start":{"line":4,"column":93},"end":{"line":4,"column":100}}],"line":4},"5":{"loc":{"start":{"line":5,"column":17},"end":{"line":5,"column":91}},"type":"cond-expr","locations":[{"start":{"line":5,"column":41},"end":{"line":5,"column":84}},{"start":{"line":5,"column":87},"end":{"line":5,"column":91}}],"line":5},"6":{"loc":{"start":{"line":5,"column":17},"end":{"line":5,"column":38}},"type":"binary-expr","locations":[{"start":{"line":5,"column":17},"end":{"line":5,"column":30}},{"start":{"line":5,"column":34},"end":{"line":5,"column":38}}],"line":5},"7":{"loc":{"start":{"line":5,"column":41},"end":{"line":5,"column":84}},"type":"cond-expr","locations":[{"start":{"line":5,"column":63},"end":{"line":5,"column":67}},{"start":{"line":5,"column":70},"end":{"line":5,"column":84}}],"line":5},"8":{"loc":{"start":{"line":6,"column":21},"end":{"line":6,"column":108}},"type":"binary-expr","locations":[{"start":{"line":6,"column":21},"end":{"line":6,"column":33}},{"start":{"line":6,"column":38},"end":{"line":6,"column":107}}],"line":6},"9":{"loc":{"start":{"line":6,"column":38},"end":{"line":6,"column":107}},"type":"cond-expr","locations":[{"start":{"line":6,"column":47},"end":{"line":6,"column":102}},{"start":{"line":6,"column":105},"end":{"line":6,"column":107}}],"line":6},"10":{"loc":{"start":{"line":10,"column":46},"end":{"line":10,"column":80}},"type":"cond-expr","locations":[{"start":{"line":10,"column":63},"end":{"line":10,"column":65}},{"start":{"line":10,"column":68},"end":{"line":10,"column":80}}],"line":10},"11":{"loc":{"start":{"line":12,"column":48},"end":{"line":12,"column":136}},"type":"if","locations":[{"start":{"line":12,"column":48},"end":{"line":12,"column":136}},{"start":{},"end":{}}],"line":12},"12":{"loc":{"start":{"line":12,"column":167},"end":{"line":12,"column":176}},"type":"binary-expr","locations":[{"start":{"line":12,"column":167},"end":{"line":12,"column":168}},{"start":{"line":12,"column":172},"end":{"line":12,"column":176}}],"line":12},"13":{"loc":{"start":{"line":13,"column":40},"end":{"line":13,"column":124}},"type":"cond-expr","locations":[{"start":{"line":13,"column":62},"end":{"line":13,"column":106}},{"start":{"line":13,"column":109},"end":{"line":13,"column":124}}],"line":13},"14":{"loc":{"start":{"line":14,"column":8},"end":{"line":24,"column":9}},"type":"if","locations":[{"start":{"line":14,"column":8},"end":{"line":24,"column":9}},{"start":{"line":21,"column":13},"end":{"line":24,"column":9}}],"line":14},"15":{"loc":{"start":{"line":15,"column":12},"end":{"line":15,"column":44}},"type":"if","locations":[{"start":{"line":15,"column":12},"end":{"line":15,"column":44}},{"start":{},"end":{}}],"line":15},"16":{"loc":{"start":{"line":16,"column":12},"end":{"line":16,"column":102}},"type":"if","locations":[{"start":{"line":16,"column":12},"end":{"line":16,"column":102}},{"start":{},"end":{}}],"line":16},"17":{"loc":{"start":{"line":16,"column":16},"end":{"line":16,"column":61}},"type":"binary-expr","locations":[{"start":{"line":16,"column":16},"end":{"line":16,"column":31}},{"start":{"line":16,"column":35},"end":{"line":16,"column":61}}],"line":16},"18":{"loc":{"start":{"line":17,"column":12},"end":{"line":17,"column":59}},"type":"if","locations":[{"start":{"line":17,"column":12},"end":{"line":17,"column":59}},{"start":{},"end":{}}],"line":17},"19":{"loc":{"start":{"line":18,"column":12},"end":{"line":18,"column":59}},"type":"if","locations":[{"start":{"line":18,"column":12},"end":{"line":18,"column":59}},{"start":{},"end":{}}],"line":18},"20":{"loc":{"start":{"line":19,"column":12},"end":{"line":19,"column":65}},"type":"if","locations":[{"start":{"line":19,"column":12},"end":{"line":19,"column":65}},{"start":{},"end":{}}],"line":19},"21":{"loc":{"start":{"line":21,"column":13},"end":{"line":24,"column":9}},"type":"if","locations":[{"start":{"line":21,"column":13},"end":{"line":24,"column":9}},{"start":{},"end":{}}],"line":21},"22":{"loc":{"start":{"line":22,"column":12},"end":{"line":23,"column":37}},"type":"if","locations":[{"start":{"line":22,"column":12},"end":{"line":23,"column":37}},{"start":{"line":23,"column":17},"end":{"line":23,"column":37}}],"line":22},"23":{"loc":{"start":{"line":26,"column":4},"end":{"line":26,"column":74}},"type":"if","locations":[{"start":{"line":26,"column":4},"end":{"line":26,"column":74}},{"start":{},"end":{}}],"line":26},"24":{"loc":{"start":{"line":29,"column":24},"end":{"line":35,"column":1}},"type":"binary-expr","locations":[{"start":{"line":29,"column":25},"end":{"line":29,"column":29}},{"start":{"line":29,"column":33},"end":{"line":29,"column":55}},{"start":{"line":29,"column":60},"end":{"line":35,"column":1}}],"line":29},"25":{"loc":{"start":{"line":32,"column":16},"end":{"line":32,"column":95}},"type":"cond-expr","locations":[{"start":{"line":32,"column":27},"end":{"line":32,"column":63}},{"start":{"line":32,"column":66},"end":{"line":32,"column":95}}],"line":32},"26":{"loc":{"start":{"line":34,"column":11},"end":{"line":34,"column":36}},"type":"cond-expr","locations":[{"start":{"line":34,"column":22},"end":{"line":34,"column":27}},{"start":{"line":34,"column":30},"end":{"line":34,"column":36}}],"line":34},"27":{"loc":{"start":{"line":36,"column":24},"end":{"line":39,"column":1}},"type":"binary-expr","locations":[{"start":{"line":36,"column":25},"end":{"line":36,"column":29}},{"start":{"line":36,"column":33},"end":{"line":36,"column":55}},{"start":{"line":36,"column":60},"end":{"line":39,"column":1}}],"line":36},"28":{"loc":{"start":{"line":37,"column":4},"end":{"line":37,"column":99}},"type":"if","locations":[{"start":{"line":37,"column":4},"end":{"line":37,"column":99}},{"start":{},"end":{}}],"line":37},"29":{"loc":{"start":{"line":37,"column":41},"end":{"line":37,"column":98}},"type":"cond-expr","locations":[{"start":{"line":37,"column":60},"end":{"line":37,"column":93}},{"start":{"line":37,"column":96},"end":{"line":37,"column":98}}],"line":37},"30":{"loc":{"start":{"line":38,"column":73},"end":{"line":38,"column":117}},"type":"cond-expr","locations":[{"start":{"line":38,"column":82},"end":{"line":38,"column":110}},{"start":{"line":38,"column":113},"end":{"line":38,"column":117}}],"line":38},"31":{"loc":{"start":{"line":58,"column":24},"end":{"line":58,"column":102}},"type":"cond-expr","locations":[{"start":{"line":58,"column":74},"end":{"line":58,"column":93}},{"start":{"line":58,"column":96},"end":{"line":58,"column":102}}],"line":58},"32":{"loc":{"start":{"line":58,"column":24},"end":{"line":58,"column":71}},"type":"binary-expr","locations":[{"start":{"line":58,"column":24},"end":{"line":58,"column":52}},{"start":{"line":58,"column":56},"end":{"line":58,"column":71}}],"line":58},"33":{"loc":{"start":{"line":61,"column":8},"end":{"line":61,"column":150}},"type":"if","locations":[{"start":{"line":61,"column":8},"end":{"line":61,"column":150}},{"start":{},"end":{}}],"line":61}},"s":{"0":0,"1":0,"2":0,"3":0,"4":0,"5":0,"6":0,"7":0,"8":0,"9":0,"10":0,"11":0,"12":0,"13":0,"14":0,"15":0,"16":0,"17":0,"18":0,"19":0,"20":0,"21":0,"22":0,"23":0,"24":0,"25":0,"26":0,"27":0,"28":0,"29":0,"30":0,"31":0,"32":0,"33":0,"34":0,"35":0,"36":0,"37":0,"38":0,"39":0,"40":0,"41":0,"42":0,"43":0,"44":0,"45":0,"46":0,"47":0,"48":0,"49":0,"50":0,"51":0,"52":0,"53":0,"54":0,"55":0,"56":0,"57":0,"58":0,"59":0,"60":0,"61":0,"62":0,"63":0,"64":0,"65":0,"66":0,"67":0,"68":0},"f":{"0":0,"1":0,"2":0,"3":0,"4":0,"5":0,"6":0,"7":0,"8":0,"9":0},"b":{"0":[0,0,0],"1":[0,0],"2":[0,0],"3":[0,0],"4":[0,0],"5":[0,0],"6":[0,0],"7":[0,0],"8":[0,0],"9":[0,0],"10":[0,0],"11":[0,0],"12":[0,0],"13":[0,0],"14":[0,0],"15":[0,0],"16":[0,0],"17":[0,0],"18":[0,0],"19":[0,0],"20":[0,0],"21":[0,0],"22":[0,0],"23":[0,0],"24":[0,0,0],"25":[0,0],"26":[0,0],"27":[0,0,0],"28":[0,0],"29":[0,0],"30":[0,0],"31":[0,0],"32":[0,0],"33":[0,0]},"inputSourceMap":null}
,"C:\\Users\\walfr\\Documents\\codes\\ketzal-app_backend\\src\\app.service.ts": {"path":"C:\\Users\\walfr\\Documents\\codes\\ketzal-app_backend\\src\\app.service.ts","statementMap":{"0":{"start":{"line":1,"column":0},"end":{"line":1,"column":44}},"1":{"start":{"line":4,"column":7},"end":{"line":8,"column":null}},"2":{"start":{"line":6,"column":4},"end":{"line":6,"column":26}},"3":{"start":{"line":4,"column":13},"end":{"line":4,"column":23}},"4":{"start":{"line":4,"column":13},"end":{"line":8,"column":null}}},"fnMap":{"0":{"name":"(anonymous_1)","decl":{"start":{"line":5,"column":2},"end":{"line":5,"column":10}},"loc":{"start":{"line":5,"column":10},"end":{"line":7,"column":3}}}},"branchMap":{},"s":{"0":0,"1":0,"2":0,"3":0,"4":0},"f":{"0":0},"b":{}}
,"C:\\Users\\walfr\\Documents\\codes\\ketzal-app_backend\\src\\categories\\categories.controller.ts": {"path":"C:\\Users\\walfr\\Documents\\codes\\ketzal-app_backend\\src\\categories\\categories.controller.ts","statementMap":{"0":{"start":{"line":1,"column":0},"end":{"line":1,"column":83}},"1":{"start":{"line":2,"column":0},"end":{"line":2,"column":57}},"2":{"start":{"line":3,"column":0},"end":{"line":3,"column":62}},"3":{"start":{"line":7,"column":7},"end":{"line":34,"column":null}},"4":{"start":{"line":8,"column":31},"end":{"line":8,"column":50}},"5":{"start":{"line":12,"column":4},"end":{"line":12,"column":60}},"6":{"start":{"line":17,"column":4},"end":{"line":17,"column":44}},"7":{"start":{"line":22,"column":4},"end":{"line":22,"column":47}},"8":{"start":{"line":27,"column":4},"end":{"line":27,"column":65}},"9":{"start":{"line":32,"column":4},"end":{"line":32,"column":46}},"10":{"start":{"line":7,"column":13},"end":{"line":7,"column":33}},"11":{"start":{"line":11,"column":2},"end":{"line":13,"column":null}},"12":{"start":{"line":16,"column":2},"end":{"line":18,"column":null}},"13":{"start":{"line":21,"column":2},"end":{"line":23,"column":null}},"14":{"start":{"line":26,"column":2},"end":{"line":28,"column":null}},"15":{"start":{"line":31,"column":2},"end":{"line":33,"column":null}},"16":{"start":{"line":7,"column":13},"end":{"line":34,"column":null}}},"fnMap":{"0":{"name":"(anonymous_4)","decl":{"start":{"line":8,"column":2},"end":{"line":8,"column":31}},"loc":{"start":{"line":8,"column":67},"end":{"line":8,"column":71}}},"1":{"name":"(anonymous_5)","decl":{"start":{"line":11,"column":2},"end":{"line":11,"column":8}},"loc":{"start":{"line":11,"column":53},"end":{"line":13,"column":3}}},"2":{"name":"(anonymous_6)","decl":{"start":{"line":16,"column":2},"end":{"line":16,"column":9}},"loc":{"start":{"line":16,"column":9},"end":{"line":18,"column":3}}},"3":{"name":"(anonymous_7)","decl":{"start":{"line":21,"column":2},"end":{"line":21,"column":9}},"loc":{"start":{"line":21,"column":33},"end":{"line":23,"column":3}}},"4":{"name":"(anonymous_8)","decl":{"start":{"line":26,"column":2},"end":{"line":26,"column":8}},"loc":{"start":{"line":26,"column":78},"end":{"line":28,"column":3}}},"5":{"name":"(anonymous_9)","decl":{"start":{"line":31,"column":2},"end":{"line":31,"column":8}},"loc":{"start":{"line":31,"column":32},"end":{"line":33,"column":3}}}},"branchMap":{},"s":{"0":1,"1":1,"2":1,"3":1,"4":0,"5":0,"6":0,"7":0,"8":0,"9":0,"10":1,"11":1,"12":1,"13":1,"14":1,"15":1,"16":1},"f":{"0":0,"1":0,"2":0,"3":0,"4":0,"5":0},"b":{}}
,"C:\\Users\\walfr\\Documents\\codes\\ketzal-app_backend\\src\\categories\\categories.service.ts": {"path":"C:\\Users\\walfr\\Documents\\codes\\ketzal-app_backend\\src\\categories\\categories.service.ts","statementMap":{"0":{"start":{"line":1,"column":0},"end":{"line":1,"column":63}},"1":{"start":{"line":2,"column":0},"end":{"line":2,"column":58}},"2":{"start":{"line":7,"column":7},"end":{"line":35,"column":null}},"3":{"start":{"line":8,"column":22},"end":{"line":8,"column":37}},"4":{"start":{"line":11,"column":4},"end":{"line":11,"column":77}},"5":{"start":{"line":15,"column":4},"end":{"line":15,"column":52}},"6":{"start":{"line":19,"column":21},"end":{"line":19,"column":86}},"7":{"start":{"line":20,"column":4},"end":{"line":20,"column":76}},"8":{"start":{"line":20,"column":19},"end":{"line":20,"column":76}},"9":{"start":{"line":21,"column":4},"end":{"line":21,"column":20}},"10":{"start":{"line":25,"column":20},"end":{"line":25,"column":106}},"11":{"start":{"line":26,"column":4},"end":{"line":26,"column":75}},"12":{"start":{"line":26,"column":18},"end":{"line":26,"column":75}},"13":{"start":{"line":27,"column":4},"end":{"line":27,"column":19}},"14":{"start":{"line":31,"column":20},"end":{"line":31,"column":81}},"15":{"start":{"line":32,"column":4},"end":{"line":32,"column":75}},"16":{"start":{"line":32,"column":18},"end":{"line":32,"column":75}},"17":{"start":{"line":33,"column":4},"end":{"line":33,"column":19}},"18":{"start":{"line":7,"column":13},"end":{"line":7,"column":30}},"19":{"start":{"line":7,"column":13},"end":{"line":35,"column":null}}},"fnMap":{"0":{"name":"(anonymous_2)","decl":{"start":{"line":8,"column":2},"end":{"line":8,"column":22}},"loc":{"start":{"line":8,"column":50},"end":{"line":8,"column":54}}},"1":{"name":"(anonymous_3)","decl":{"start":{"line":10,"column":2},"end":{"line":10,"column":8}},"loc":{"start":{"line":10,"column":45},"end":{"line":12,"column":3}}},"2":{"name":"(anonymous_4)","decl":{"start":{"line":14,"column":2},"end":{"line":14,"column":9}},"loc":{"start":{"line":14,"column":9},"end":{"line":16,"column":3}}},"3":{"name":"(anonymous_5)","decl":{"start":{"line":18,"column":2},"end":{"line":18,"column":7}},"loc":{"start":{"line":18,"column":26},"end":{"line":22,"column":3}}},"4":{"name":"(anonymous_6)","decl":{"start":{"line":24,"column":2},"end":{"line":24,"column":7}},"loc":{"start":{"line":24,"column":63},"end":{"line":28,"column":3}}},"5":{"name":"(anonymous_7)","decl":{"start":{"line":30,"column":2},"end":{"line":30,"column":7}},"loc":{"start":{"line":30,"column":25},"end":{"line":34,"column":3}}}},"branchMap":{"0":{"loc":{"start":{"line":20,"column":4},"end":{"line":20,"column":76}},"type":"if","locations":[{"start":{"line":20,"column":4},"end":{"line":20,"column":76}}]},"1":{"loc":{"start":{"line":26,"column":4},"end":{"line":26,"column":75}},"type":"if","locations":[{"start":{"line":26,"column":4},"end":{"line":26,"column":75}}]},"2":{"loc":{"start":{"line":32,"column":4},"end":{"line":32,"column":75}},"type":"if","locations":[{"start":{"line":32,"column":4},"end":{"line":32,"column":75}}]}},"s":{"0":2,"1":2,"2":2,"3":0,"4":0,"5":0,"6":0,"7":0,"8":0,"9":0,"10":0,"11":0,"12":0,"13":0,"14":0,"15":0,"16":0,"17":0,"18":2,"19":2},"f":{"0":0,"1":0,"2":0,"3":0,"4":0,"5":0},"b":{"0":[0],"1":[0],"2":[0]}}
,"C:\\Users\\walfr\\Documents\\codes\\ketzal-app_backend\\src\\locations\\global-locations.controller.ts": {"path":"C:\\Users\\walfr\\Documents\\codes\\ketzal-app_backend\\src\\locations\\global-locations.controller.ts","statementMap":{"0":{"start":{"line":1,"column":0},"end":{"line":1,"column":83}},"1":{"start":{"line":2,"column":0},"end":{"line":2,"column":68}},"2":{"start":{"line":3,"column":0},"end":{"line":3,"column":75}},"3":{"start":{"line":4,"column":0},"end":{"line":4,"column":75}},"4":{"start":{"line":5,"column":0},"end":{"line":5,"column":69}},"5":{"start":{"line":9,"column":7},"end":{"line":38,"column":null}},"6":{"start":{"line":10,"column":31},"end":{"line":10,"column":55}},"7":{"start":{"line":15,"column":4},"end":{"line":15,"column":57}},"8":{"start":{"line":21,"column":4},"end":{"line":21,"column":49}},"9":{"start":{"line":26,"column":4},"end":{"line":26,"column":52}},"10":{"start":{"line":31,"column":4},"end":{"line":31,"column":62}},"11":{"start":{"line":36,"column":4},"end":{"line":36,"column":51}},"12":{"start":{"line":9,"column":13},"end":{"line":9,"column":38}},"13":{"start":{"line":14,"column":2},"end":{"line":16,"column":null}},"14":{"start":{"line":20,"column":2},"end":{"line":22,"column":null}},"15":{"start":{"line":25,"column":2},"end":{"line":27,"column":null}},"16":{"start":{"line":30,"column":2},"end":{"line":32,"column":null}},"17":{"start":{"line":35,"column":2},"end":{"line":37,"column":null}},"18":{"start":{"line":9,"column":13},"end":{"line":38,"column":null}}},"fnMap":{"0":{"name":"(anonymous_4)","decl":{"start":{"line":10,"column":2},"end":{"line":10,"column":31}},"loc":{"start":{"line":10,"column":77},"end":{"line":10,"column":81}}},"1":{"name":"(anonymous_5)","decl":{"start":{"line":14,"column":2},"end":{"line":14,"column":8}},"loc":{"start":{"line":14,"column":51},"end":{"line":16,"column":3}}},"2":{"name":"(anonymous_6)","decl":{"start":{"line":20,"column":2},"end":{"line":20,"column":9}},"loc":{"start":{"line":20,"column":9},"end":{"line":22,"column":3}}},"3":{"name":"(anonymous_7)","decl":{"start":{"line":25,"column":2},"end":{"line":25,"column":9}},"loc":{"start":{"line":25,"column":33},"end":{"line":27,"column":3}}},"4":{"name":"(anonymous_8)","decl":{"start":{"line":30,"column":2},"end":{"line":30,"column":8}},"loc":{"start":{"line":30,"column":76},"end":{"line":32,"column":3}}},"5":{"name":"(anonymous_9)","decl":{"start":{"line":35,"column":2},"end":{"line":35,"column":8}},"loc":{"start":{"line":35,"column":32},"end":{"line":37,"column":3}}}},"branchMap":{},"s":{"0":0,"1":0,"2":0,"3":0,"4":0,"5":0,"6":0,"7":0,"8":0,"9":0,"10":0,"11":0,"12":0,"13":0,"14":0,"15":0,"16":0,"17":0,"18":0},"f":{"0":0,"1":0,"2":0,"3":0,"4":0,"5":0},"b":{}}
,"C:\\Users\\walfr\\Documents\\codes\\ketzal-app_backend\\src\\locations\\global-locations.service.ts": {"path":"C:\\Users\\walfr\\Documents\\codes\\ketzal-app_backend\\src\\locations\\global-locations.service.ts","statementMap":{"0":{"start":{"line":1,"column":0},"end":{"line":1,"column":63}},"1":{"start":{"line":2,"column":0},"end":{"line":2,"column":58}},"2":{"start":{"line":7,"column":7},"end":{"line":44,"column":null}},"3":{"start":{"line":8,"column":22},"end":{"line":8,"column":30}},"4":{"start":{"line":12,"column":4},"end":{"line":14,"column":5}},"5":{"start":{"line":13,"column":6},"end":{"line":13,"column":44}},"6":{"start":{"line":15,"column":4},"end":{"line":15,"column":15}},"7":{"start":{"line":19,"column":4},"end":{"line":19,"column":95}},"8":{"start":{"line":23,"column":22},"end":{"line":23,"column":67}},"9":{"start":{"line":24,"column":4},"end":{"line":24,"column":76}},"10":{"start":{"line":24,"column":44},"end":{"line":24,"column":74}},"11":{"start":{"line":28,"column":21},"end":{"line":28,"column":85}},"12":{"start":{"line":29,"column":4},"end":{"line":29,"column":76}},"13":{"start":{"line":29,"column":19},"end":{"line":29,"column":76}},"14":{"start":{"line":30,"column":4},"end":{"line":30,"column":42}},"15":{"start":{"line":34,"column":20},"end":{"line":34,"column":97}},"16":{"start":{"line":35,"column":4},"end":{"line":35,"column":75}},"17":{"start":{"line":35,"column":18},"end":{"line":35,"column":75}},"18":{"start":{"line":36,"column":4},"end":{"line":36,"column":41}},"19":{"start":{"line":40,"column":20},"end":{"line":40,"column":80}},"20":{"start":{"line":41,"column":4},"end":{"line":41,"column":75}},"21":{"start":{"line":41,"column":18},"end":{"line":41,"column":75}},"22":{"start":{"line":42,"column":4},"end":{"line":42,"column":19}},"23":{"start":{"line":7,"column":13},"end":{"line":7,"column":35}},"24":{"start":{"line":7,"column":13},"end":{"line":44,"column":null}}},"fnMap":{"0":{"name":"(anonymous_2)","decl":{"start":{"line":8,"column":2},"end":{"line":8,"column":22}},"loc":{"start":{"line":8,"column":43},"end":{"line":8,"column":47}}},"1":{"name":"(anonymous_3)","decl":{"start":{"line":11,"column":10},"end":{"line":11,"column":25}},"loc":{"start":{"line":11,"column":34},"end":{"line":16,"column":3}}},"2":{"name":"(anonymous_4)","decl":{"start":{"line":18,"column":2},"end":{"line":18,"column":8}},"loc":{"start":{"line":18,"column":43},"end":{"line":20,"column":3}}},"3":{"name":"(anonymous_5)","decl":{"start":{"line":22,"column":2},"end":{"line":22,"column":7}},"loc":{"start":{"line":22,"column":15},"end":{"line":25,"column":3}}},"4":{"name":"(anonymous_6)","decl":{"start":{"line":24,"column":25},"end":{"line":24,"column":26}},"loc":{"start":{"line":24,"column":44},"end":{"line":24,"column":74}}},"5":{"name":"(anonymous_7)","decl":{"start":{"line":27,"column":2},"end":{"line":27,"column":7}},"loc":{"start":{"line":27,"column":26},"end":{"line":31,"column":3}}},"6":{"name":"(anonymous_8)","decl":{"start":{"line":33,"column":2},"end":{"line":33,"column":7}},"loc":{"start":{"line":33,"column":61},"end":{"line":37,"column":3}}},"7":{"name":"(anonymous_9)","decl":{"start":{"line":39,"column":2},"end":{"line":39,"column":7}},"loc":{"start":{"line":39,"column":25},"end":{"line":43,"column":3}}}},"branchMap":{"0":{"loc":{"start":{"line":12,"column":4},"end":{"line":14,"column":5}},"type":"if","locations":[{"start":{"line":12,"column":4},"end":{"line":14,"column":5}}]},"1":{"loc":{"start":{"line":12,"column":8},"end":{"line":12,"column":41}},"type":"binary-expr","locations":[{"start":{"line":12,"column":8},"end":{"line":12,"column":11}},{"start":{"line":12,"column":15},"end":{"line":12,"column":41}}]},"2":{"loc":{"start":{"line":29,"column":4},"end":{"line":29,"column":76}},"type":"if","locations":[{"start":{"line":29,"column":4},"end":{"line":29,"column":76}}]},"3":{"loc":{"start":{"line":35,"column":4},"end":{"line":35,"column":75}},"type":"if","locations":[{"start":{"line":35,"column":4},"end":{"line":35,"column":75}}]},"4":{"loc":{"start":{"line":41,"column":4},"end":{"line":41,"column":75}},"type":"if","locations":[{"start":{"line":41,"column":4},"end":{"line":41,"column":75}}]}},"s":{"0":0,"1":0,"2":0,"3":0,"4":0,"5":0,"6":0,"7":0,"8":0,"9":0,"10":0,"11":0,"12":0,"13":0,"14":0,"15":0,"16":0,"17":0,"18":0,"19":0,"20":0,"21":0,"22":0,"23":0,"24":0},"f":{"0":0,"1":0,"2":0,"3":0,"4":0,"5":0,"6":0,"7":0},"b":{"0":[0],"1":[0,0],"2":[0],"3":[0],"4":[0]}}
,"C:\\Users\\walfr\\Documents\\codes\\ketzal-app_backend\\src\\notifications\\notifications.controller.ts": {"path":"C:\\Users\\walfr\\Documents\\codes\\ketzal-app_backend\\src\\notifications\\notifications.controller.ts","statementMap":{"0":{"start":{"line":1,"column":0},"end":{"line":1,"column":90}},"1":{"start":{"line":2,"column":0},"end":{"line":2,"column":79}},"2":{"start":{"line":3,"column":0},"end":{"line":3,"column":63}},"3":{"start":{"line":4,"column":0},"end":{"line":4,"column":70}},"4":{"start":{"line":5,"column":0},"end":{"line":5,"column":70}},"5":{"start":{"line":9,"column":7},"end":{"line":107,"column":null}},"6":{"start":{"line":10,"column":31},"end":{"line":10,"column":53}},"7":{"start":{"line":16,"column":4},"end":{"line":16,"column":67}},"8":{"start":{"line":23,"column":4},"end":{"line":23,"column":47}},"9":{"start":{"line":34,"column":31},"end":{"line":34,"column":69}},"10":{"start":{"line":35,"column":4},"end":{"line":35,"column":78}},"11":{"start":{"line":42,"column":4},"end":{"line":42,"column":66}},"12":{"start":{"line":50,"column":4},"end":{"line":50,"column":49}},"13":{"start":{"line":58,"column":4},"end":{"line":58,"column":71}},"14":{"start":{"line":66,"column":4},"end":{"line":66,"column":52}},"15":{"start":{"line":73,"column":4},"end":{"line":73,"column":66}},"16":{"start":{"line":81,"column":4},"end":{"line":81,"column":48}},"17":{"start":{"line":88,"column":4},"end":{"line":88,"column":76}},"18":{"start":{"line":100,"column":4},"end":{"line":105,"column":6}},"19":{"start":{"line":9,"column":13},"end":{"line":9,"column":36}},"20":{"start":{"line":15,"column":2},"end":{"line":17,"column":null}},"21":{"start":{"line":22,"column":2},"end":{"line":24,"column":null}},"22":{"start":{"line":30,"column":2},"end":{"line":36,"column":null}},"23":{"start":{"line":41,"column":2},"end":{"line":43,"column":null}},"24":{"start":{"line":49,"column":2},"end":{"line":51,"column":null}},"25":{"start":{"line":57,"column":2},"end":{"line":59,"column":null}},"26":{"start":{"line":65,"column":2},"end":{"line":67,"column":null}},"27":{"start":{"line":72,"column":2},"end":{"line":74,"column":null}},"28":{"start":{"line":80,"column":2},"end":{"line":82,"column":null}},"29":{"start":{"line":87,"column":2},"end":{"line":89,"column":null}},"30":{"start":{"line":94,"column":2},"end":{"line":106,"column":null}},"31":{"start":{"line":9,"column":13},"end":{"line":107,"column":null}}},"fnMap":{"0":{"name":"(anonymous_4)","decl":{"start":{"line":10,"column":2},"end":{"line":10,"column":31}},"loc":{"start":{"line":10,"column":73},"end":{"line":10,"column":77}}},"1":{"name":"(anonymous_5)","decl":{"start":{"line":15,"column":2},"end":{"line":15,"column":8}},"loc":{"start":{"line":15,"column":61},"end":{"line":17,"column":3}}},"2":{"name":"(anonymous_6)","decl":{"start":{"line":22,"column":2},"end":{"line":22,"column":9}},"loc":{"start":{"line":22,"column":9},"end":{"line":24,"column":3}}},"3":{"name":"(anonymous_7)","decl":{"start":{"line":30,"column":2},"end":{"line":30,"column":14}},"loc":{"start":{"line":32,"column":46},"end":{"line":36,"column":3}}},"4":{"name":"(anonymous_8)","decl":{"start":{"line":41,"column":2},"end":{"line":41,"column":22}},"loc":{"start":{"line":41,"column":54},"end":{"line":43,"column":3}}},"5":{"name":"(anonymous_9)","decl":{"start":{"line":49,"column":2},"end":{"line":49,"column":9}},"loc":{"start":{"line":49,"column":33},"end":{"line":51,"column":3}}},"6":{"name":"(anonymous_10)","decl":{"start":{"line":57,"column":2},"end":{"line":57,"column":8}},"loc":{"start":{"line":57,"column":86},"end":{"line":59,"column":3}}},"7":{"name":"(anonymous_11)","decl":{"start":{"line":65,"column":2},"end":{"line":65,"column":12}},"loc":{"start":{"line":65,"column":36},"end":{"line":67,"column":3}}},"8":{"name":"(anonymous_12)","decl":{"start":{"line":72,"column":2},"end":{"line":72,"column":22}},"loc":{"start":{"line":72,"column":54},"end":{"line":74,"column":3}}},"9":{"name":"(anonymous_13)","decl":{"start":{"line":80,"column":2},"end":{"line":80,"column":8}},"loc":{"start":{"line":80,"column":32},"end":{"line":82,"column":3}}},"10":{"name":"(anonymous_14)","decl":{"start":{"line":87,"column":2},"end":{"line":87,"column":32}},"loc":{"start":{"line":87,"column":64},"end":{"line":89,"column":3}}},"11":{"name":"(anonymous_15)","decl":{"start":{"line":94,"column":2},"end":{"line":94,"column":25}},"loc":{"start":{"line":99,"column":3},"end":{"line":106,"column":3}}}},"branchMap":{"0":{"loc":{"start":{"line":34,"column":31},"end":{"line":34,"column":69}},"type":"cond-expr","locations":[{"start":{"line":34,"column":57},"end":{"line":34,"column":62}},{"start":{"line":34,"column":65},"end":{"line":34,"column":69}}]}},"s":{"0":0,"1":0,"2":0,"3":0,"4":0,"5":0,"6":0,"7":0,"8":0,"9":0,"10":0,"11":0,"12":0,"13":0,"14":0,"15":0,"16":0,"17":0,"18":0,"19":0,"20":0,"21":0,"22":0,"23":0,"24":0,"25":0,"26":0,"27":0,"28":0,"29":0,"30":0,"31":0},"f":{"0":0,"1":0,"2":0,"3":0,"4":0,"5":0,"6":0,"7":0,"8":0,"9":0,"10":0,"11":0},"b":{"0":[0,0]}}
,"C:\\Users\\walfr\\Documents\\codes\\ketzal-app_backend\\src\\notifications\\notifications.service.ts": {"path":"C:\\Users\\walfr\\Documents\\codes\\ketzal-app_backend\\src\\notifications\\notifications.service.ts","statementMap":{"0":{"start":{"line":1,"column":0},"end":{"line":1,"column":63}},"1":{"start":{"line":2,"column":0},"end":{"line":2,"column":57}},"2":{"start":{"line":7,"column":7},"end":{"line":167,"column":null}},"3":{"start":{"line":8,"column":22},"end":{"line":8,"column":37}},"4":{"start":{"line":12,"column":4},"end":{"line":19,"column":7}},"5":{"start":{"line":24,"column":4},"end":{"line":31,"column":7}},"6":{"start":{"line":36,"column":4},"end":{"line":47,"column":7}},"7":{"start":{"line":52,"column":25},"end":{"line":59,"column":6}},"8":{"start":{"line":61,"column":4},"end":{"line":63,"column":5}},"9":{"start":{"line":62,"column":6},"end":{"line":62,"column":67}},"10":{"start":{"line":65,"column":4},"end":{"line":65,"column":24}},"11":{"start":{"line":71,"column":4},"end":{"line":71,"column":27}},"12":{"start":{"line":73,"column":20},"end":{"line":73,"column":56}},"13":{"start":{"line":76,"column":4},"end":{"line":78,"column":5}},"14":{"start":{"line":77,"column":6},"end":{"line":77,"column":37}},"15":{"start":{"line":80,"column":4},"end":{"line":88,"column":7}},"16":{"start":{"line":93,"column":4},"end":{"line":93,"column":79}},"17":{"start":{"line":98,"column":4},"end":{"line":107,"column":7}},"18":{"start":{"line":113,"column":4},"end":{"line":113,"column":27}},"19":{"start":{"line":115,"column":4},"end":{"line":117,"column":7}},"20":{"start":{"line":122,"column":4},"end":{"line":127,"column":7}},"21":{"start":{"line":132,"column":18},"end":{"line":137,"column":6}},"22":{"start":{"line":139,"column":24},"end":{"line":144,"column":6}},"23":{"start":{"line":146,"column":4},"end":{"line":150,"column":6}},"24":{"start":{"line":160,"column":4},"end":{"line":165,"column":7}},"25":{"start":{"line":7,"column":13},"end":{"line":7,"column":33}},"26":{"start":{"line":7,"column":13},"end":{"line":167,"column":null}}},"fnMap":{"0":{"name":"(anonymous_2)","decl":{"start":{"line":8,"column":2},"end":{"line":8,"column":22}},"loc":{"start":{"line":8,"column":50},"end":{"line":8,"column":54}}},"1":{"name":"(anonymous_3)","decl":{"start":{"line":11,"column":2},"end":{"line":11,"column":7}},"loc":{"start":{"line":11,"column":59},"end":{"line":20,"column":3}}},"2":{"name":"(anonymous_4)","decl":{"start":{"line":23,"column":2},"end":{"line":23,"column":7}},"loc":{"start":{"line":23,"column":15},"end":{"line":32,"column":3}}},"3":{"name":"(anonymous_5)","decl":{"start":{"line":35,"column":2},"end":{"line":35,"column":7}},"loc":{"start":{"line":35,"column":64},"end":{"line":48,"column":3}}},"4":{"name":"(anonymous_6)","decl":{"start":{"line":51,"column":2},"end":{"line":51,"column":7}},"loc":{"start":{"line":51,"column":26},"end":{"line":66,"column":3}}},"5":{"name":"(anonymous_7)","decl":{"start":{"line":69,"column":2},"end":{"line":69,"column":7}},"loc":{"start":{"line":69,"column":71},"end":{"line":89,"column":3}}},"6":{"name":"(anonymous_8)","decl":{"start":{"line":92,"column":2},"end":{"line":92,"column":7}},"loc":{"start":{"line":92,"column":29},"end":{"line":94,"column":3}}},"7":{"name":"(anonymous_9)","decl":{"start":{"line":97,"column":2},"end":{"line":97,"column":7}},"loc":{"start":{"line":97,"column":43},"end":{"line":108,"column":3}}},"8":{"name":"(anonymous_10)","decl":{"start":{"line":111,"column":2},"end":{"line":111,"column":7}},"loc":{"start":{"line":111,"column":25},"end":{"line":118,"column":3}}},"9":{"name":"(anonymous_11)","decl":{"start":{"line":121,"column":2},"end":{"line":121,"column":7}},"loc":{"start":{"line":121,"column":53},"end":{"line":128,"column":3}}},"10":{"name":"(anonymous_12)","decl":{"start":{"line":131,"column":2},"end":{"line":131,"column":7}},"loc":{"start":{"line":131,"column":43},"end":{"line":151,"column":3}}},"11":{"name":"(anonymous_13)","decl":{"start":{"line":154,"column":2},"end":{"line":154,"column":7}},"loc":{"start":{"line":158,"column":22},"end":{"line":166,"column":3}}}},"branchMap":{"0":{"loc":{"start":{"line":35,"column":37},"end":{"line":35,"column":64}},"type":"default-arg","locations":[{"start":{"line":35,"column":60},"end":{"line":35,"column":64}}]},"1":{"loc":{"start":{"line":39,"column":12},"end":{"line":39,"column":48}},"type":"cond-expr","locations":[{"start":{"line":39,"column":26},"end":{"line":39,"column":28}},{"start":{"line":39,"column":31},"end":{"line":39,"column":48}}]},"2":{"loc":{"start":{"line":61,"column":4},"end":{"line":63,"column":5}},"type":"if","locations":[{"start":{"line":61,"column":4},"end":{"line":63,"column":5}}]},"3":{"loc":{"start":{"line":76,"column":4},"end":{"line":78,"column":5}},"type":"if","locations":[{"start":{"line":76,"column":4},"end":{"line":78,"column":5}}]},"4":{"loc":{"start":{"line":158,"column":4},"end":{"line":158,"column":22}},"type":"default-arg","locations":[{"start":{"line":158,"column":16},"end":{"line":158,"column":22}}]}},"s":{"0":4,"1":4,"2":4,"3":0,"4":0,"5":0,"6":0,"7":0,"8":0,"9":0,"10":0,"11":0,"12":0,"13":0,"14":0,"15":0,"16":0,"17":0,"18":0,"19":0,"20":0,"21":0,"22":0,"23":0,"24":0,"25":4,"26":4},"f":{"0":0,"1":0,"2":0,"3":0,"4":0,"5":0,"6":0,"7":0,"8":0,"9":0,"10":0,"11":0},"b":{"0":[0],"1":[0,0],"2":[0],"3":[0],"4":[0]}}
,"C:\\Users\\walfr\\Documents\\codes\\ketzal-app_backend\\src\\planners\\planners.controller.ts": {"path":"C:\\Users\\walfr\\Documents\\codes\\ketzal-app_backend\\src\\planners\\planners.controller.ts","statementMap":{"0":{"start":{"line":1,"column":0},"end":{"line":1,"column":null}},"1":{"start":{"line":14,"column":0},"end":{"line":14,"column":53}},"2":{"start":{"line":15,"column":0},"end":{"line":15,"column":60}},"3":{"start":{"line":16,"column":0},"end":{"line":16,"column":60}},"4":{"start":{"line":17,"column":0},"end":{"line":17,"column":68}},"5":{"start":{"line":24,"column":7},"end":{"line":145,"column":null}},"6":{"start":{"line":25,"column":31},"end":{"line":25,"column":48}},"7":{"start":{"line":32,"column":19},"end":{"line":32,"column":49}},"8":{"start":{"line":34,"column":20},"end":{"line":34,"column":86}},"9":{"start":{"line":36,"column":4},"end":{"line":40,"column":6}},"10":{"start":{"line":46,"column":19},"end":{"line":46,"column":49}},"11":{"start":{"line":48,"column":21},"end":{"line":48,"column":73}},"12":{"start":{"line":50,"column":4},"end":{"line":54,"column":6}},"13":{"start":{"line":60,"column":19},"end":{"line":60,"column":49}},"14":{"start":{"line":62,"column":20},"end":{"line":62,"column":73}},"15":{"start":{"line":64,"column":4},"end":{"line":68,"column":6}},"16":{"start":{"line":78,"column":19},"end":{"line":78,"column":49}},"17":{"start":{"line":80,"column":27},"end":{"line":80,"column":97}},"18":{"start":{"line":82,"column":4},"end":{"line":86,"column":6}},"19":{"start":{"line":93,"column":19},"end":{"line":93,"column":49}},"20":{"start":{"line":95,"column":4},"end":{"line":95,"column":57}},"21":{"start":{"line":97,"column":4},"end":{"line":100,"column":6}},"22":{"start":{"line":107,"column":19},"end":{"line":107,"column":49}},"23":{"start":{"line":109,"column":17},"end":{"line":109,"column":80}},"24":{"start":{"line":111,"column":4},"end":{"line":115,"column":6}},"25":{"start":{"line":122,"column":19},"end":{"line":122,"column":49}},"26":{"start":{"line":124,"column":4},"end":{"line":124,"column":69}},"27":{"start":{"line":126,"column":4},"end":{"line":129,"column":6}},"28":{"start":{"line":135,"column":19},"end":{"line":135,"column":49}},"29":{"start":{"line":137,"column":18},"end":{"line":137,"column":72}},"30":{"start":{"line":139,"column":4},"end":{"line":143,"column":6}},"31":{"start":{"line":24,"column":13},"end":{"line":24,"column":31}},"32":{"start":{"line":30,"column":8},"end":{"line":41,"column":null}},"33":{"start":{"line":45,"column":8},"end":{"line":55,"column":null}},"34":{"start":{"line":59,"column":8},"end":{"line":69,"column":null}},"35":{"start":{"line":73,"column":8},"end":{"line":87,"column":null}},"36":{"start":{"line":92,"column":8},"end":{"line":101,"column":null}},"37":{"start":{"line":106,"column":8},"end":{"line":116,"column":null}},"38":{"start":{"line":121,"column":8},"end":{"line":130,"column":null}},"39":{"start":{"line":134,"column":8},"end":{"line":144,"column":null}},"40":{"start":{"line":24,"column":13},"end":{"line":145,"column":null}}},"fnMap":{"0":{"name":"(anonymous_4)","decl":{"start":{"line":25,"column":2},"end":{"line":25,"column":31}},"loc":{"start":{"line":25,"column":63},"end":{"line":25,"column":67}}},"1":{"name":"(anonymous_5)","decl":{"start":{"line":30,"column":2},"end":{"line":30,"column":7}},"loc":{"start":{"line":30,"column":85},"end":{"line":41,"col
[...]
c":{"start":{"line":50,"column":36},"end":{"line":50,"column":82}},"type":"binary-expr","locations":[{"start":{"line":50,"column":37},"end":{"line":50,"column":59}},{"start":{"line":50,"column":63},"end":{"line":50,"column":82}}]},"9":{"loc":{"start":{"line":50,"column":37},"end":{"line":50,"column":59}},"type":"cond-expr","locations":[{"start":{"line":50,"column":42},"end":{"line":50,"column":50}},{"start":{"line":50,"column":37},"end":{"line":50,"column":59}}]},"10":{"loc":{"start":{"line":50,"column":37},"end":{"line":50,"column":50}},"type":"binary-expr","locations":[{"start":{"line":50,"column":37},"end":{"line":50,"column":52}},{"start":{"line":50,"column":37},"end":{"line":50,"column":50}}]},"11":{"loc":{"start":{"line":65,"column":6},"end":{"line":70,"column":7}},"type":"if","locations":[{"start":{"line":65,"column":6},"end":{"line":70,"column":7}}]},"12":{"loc":{"start":{"line":65,"column":10},"end":{"line":65,"column":34}},"type":"binary-expr","locations":[{"start":{"line":65,"column":10},"end":{"line":65,"column":20}},{"start":{"line":65,"column":24},"end":{"line":65,"column":34}}]},"13":{"loc":{"start":{"line":72,"column":6},"end":{"line":77,"column":7}},"type":"if","locations":[{"start":{"line":72,"column":6},"end":{"line":77,"column":7}}]},"14":{"loc":{"start":{"line":72,"column":10},"end":{"line":72,"column":72}},"type":"binary-expr","locations":[{"start":{"line":72,"column":11},"end":{"line":72,"column":20}},{"start":{"line":72,"column":24},"end":{"line":72,"column":38}},{"start":{"line":72,"column":44},"end":{"line":72,"column":53}},{"start":{"line":72,"column":57},"end":{"line":72,"column":71}}]},"15":{"loc":{"start":{"line":81,"column":8},"end":{"line":81,"column":22}},"type":"binary-expr","locations":[{"start":{"line":81,"column":8},"end":{"line":81,"column":17}},{"start":{"line":81,"column":21},"end":{"line":81,"column":22}}]},"16":{"loc":{"start":{"line":82,"column":8},"end":{"line":82,"column":22}},"type":"binary-expr","locations":[{"start":{"line":82,"column":8},"end":{"line":82,"column":17}},{"start":{"line":82,"column":21},"end":{"line":82,"column":22}}]},"17":{"loc":{"start":{"line":93,"column":6},"end":{"line":95,"column":7}},"type":"if","locations":[{"start":{"line":93,"column":6},"end":{"line":95,"column":7}}]},"18":{"loc":{"start":{"line":112,"column":6},"end":{"line":117,"column":7}},"type":"if","locations":[{"start":{"line":112,"column":6},"end":{"line":117,"column":7}}]},"19":{"loc":{"start":{"line":119,"column":6},"end":{"line":124,"column":7}},"type":"if","locations":[{"start":{"line":119,"column":6},"end":{"line":124,"column":7}}]},"20":{"loc":{"start":{"line":119,"column":10},"end":{"line":119,"column":34}},"type":"binary-expr","locations":[{"start":{"line":119,"column":10},"end":{"line":119,"column":20}},{"start":{"line":119,"column":24},"end":{"line":119,"column":34}}]},"21":{"loc":{"start":{"line":129,"column":8},"end":{"line":129,"column":22}},"type":"binary-expr","locations":[{"start":{"line":129,"column":8},"end":{"line":129,"column":17}},{"start":{"line":129,"column":21},"end":{"line":129,"column":22}}]},"22":{"loc":{"start":{"line":130,"column":8},"end":{"line":130,"column":22}},"type":"binary-expr","locations":[{"start":{"line":130,"column":8},"end":{"line":130,"column":17}},{"start":{"line":130,"column":21},"end":{"line":130,"column":22}}]},"23":{"loc":{"start":{"line":140,"column":6},"end":{"line":142,"column":7}},"type":"if","locations":[{"start":{"line":140,"column":6},"end":{"line":142,"column":7}}]},"24":{"loc":{"start":{"line":153,"column":20},"end":{"line":153,"column":40}},"type":"default-arg","locations":[{"start":{"line":153,"column":36},"end":{"line":153,"column":40}}]},"25":{"loc":{"start":{"line":154,"column":21},"end":{"line":154,"column":41}},"type":"default-arg","locations":[{"start":{"line":154,"column":38},"end":{"line":154,"column":41}}]},"26":{"loc":{"start":{"line":183,"column":6},"end":{"line":188,"column":7}},"type":"if","locations":[{"start":{"line":183,"column":6},"end":{"line":188,"column":7}}]},"27":{"loc":{"start":{"line":203,"column":6},"end":{"line":205,"column":7}},"type":"if","locations":[{"start":{"line":203,"column":6},"end":{"line":205,"column":7}}]}},"s":{"0":1,"1":1,"2":1,"3":17,"4":3,"5":3,"6":3,"7":1,"8":1,"9":2,"10":2,"11":1,"12":1,"13":4,"14":4,"15":4,"16":2,"17":2,"18":0,"19":2,"20":1,"21":3,"22":2,"23":1,"24":4,"25":4,"26":4,"27":1,"28":3,"29":1,"30":2,"31":1,"32":3,"33":2,"34":1,"35":2,"36":2,"37":1,"38":1,"39":3,"40":3,"41":3,"42":1,"43":2,"44":1,"45":2,"46":1,"47":1,"48":1,"49":1,"50":1,"51":1,"52":1,"53":1,"54":1},"f":{"0":17,"1":3,"2":4,"3":4,"4":2,"5":3},"b":{"0":[1],"1":[2,2],"2":[0,2],"3":[2,2],"4":[0,2],"5":[2,2],"6":[0,2],"7":[2,2],"8":[1,0],"9":[0,1],"10":[1,1],"11":[2],"12":[4,2],"13":[0],"14":[2,2,2,0],"15":[2,0],"16":[2,2],"17":[2],"18":[1],"19":[1],"20":[3,1],"21":[2,0],"22":[2,2],"23":[2],"24":[0],"25":[0],"26":[1],"27":[1]}}
,"C:\\Users\\walfr\\Documents\\codes\\ketzal-app_backend\\src\\wallet\\wallet.service.ts": {"path":"C:\\Users\\walfr\\Documents\\codes\\ketzal-app_backend\\src\\wallet\\wallet.service.ts","statementMap":{"0":{"start":{"line":1,"column":0},"end":{"line":1,"column":71}},"1":{"start":{"line":2,"column":0},"end":{"line":2,"column":57}},"2":{"start":{"line":5,"column":7},"end":{"line":337,"column":null}},"3":{"start":{"line":6,"column":22},"end":{"line":6,"column":30}},"4":{"start":{"line":9,"column":4},"end":{"line":9,"column":76}},"5":{"start":{"line":12,"column":17},"end":{"line":14,"column":6}},"6":{"start":{"line":16,"column":4},"end":{"line":19,"column":5}},"7":{"start":{"line":17,"column":6},"end":{"line":17,"column":58}},"8":{"start":{"line":18,"column":6},"end":{"line":18,"column":51}},"9":{"start":{"line":21,"column":4},"end":{"line":21,"column":54}},"10":{"start":{"line":23,"column":17},"end":{"line":31,"column":6}},"11":{"start":{"line":33,"column":4},"end":{"line":60,"column":5}},"12":{"start":{"line":34,"column":6},"end":{"line":34,"column":71}},"13":{"start":{"line":35,"column":6},"end":{"line":44,"column":9}},"14":{"start":{"line":47,"column":6},"end":{"line":55,"column":9}},"15":{"start":{"line":57,"column":6},"end":{"line":57,"column":70}},"16":{"start":{"line":59,"column":6},"end":{"line":59,"column":54}},"17":{"start":{"line":62,"column":4},"end":{"line":62,"column":18}},"18":{"start":{"line":72,"column":17},"end":{"line":74,"column":6}},"19":{"start":{"line":76,"column":4},"end":{"line":84,"column":5}},"20":{"start":{"line":77,"column":6},"end":{"line":83,"column":9}},"21":{"start":{"line":86,"column":26},"end":{"line":96,"column":6}},"22":{"start":{"line":98,"column":4},"end":{"line":107,"column":7}},"23":{"start":{"line":109,"column":4},"end":{"line":109,"column":25}},"24":{"start":{"line":120,"column":22},"end":{"line":123,"column":6}},"25":{"start":{"line":125,"column":4},"end":{"line":130,"column":5}},"26":{"start":{"line":126,"column":6},"end":{"line":129,"column":8}},"27":{"start":{"line":133,"column":25},"end":{"line":135,"column":6}},"28":{"start":{"line":137,"column":4},"end":{"line":142,"column":5}},"29":{"start":{"line":138,"column":6},"end":{"line":141,"column":8}},"30":{"start":{"line":145,"column":4},"end":{"line":151,"column":5}},"31":{"start":{"line":147,"column":6},"end":{"line":150,"column":8}},"32":{"start":{"line":154,"column":26},"end":{"line":154,"column":42}},"33":{"start":{"line":155,"column":4},"end":{"line":163,"column":5}},"34":{"start":{"line":156,"column":6},"end":{"line":162,"column":9}},"35":{"start":{"line":166,"column":19},"end":{"line":215,"column":6}},"36":{"start":{"line":167,"column":34},"end":{"line":177,"column":8}},"37":{"start":{"line":179,"column":6},"end":{"line":189,"column":9}},"38":{"start":{"line":192,"column":6},"end":{"line":201,"column":9}},"39":{"start":{"line":203,"column":6},"end":{"line":212,"column":9}},"40":{"start":{"line":214,"column":6},"end":{"line":214,"column":33}},"41":{"start":{"line":217,"column":4},"end":{"line":217,"column":18}},"42":{"start":{"line":221,"column":19},"end":{"line":223,"column":6}},"43":{"start":{"line":225,"column":4},"end":{"line":230,"column":5}},"44":{"start":{"line":226,"column":6},"end":{"line":229,"column":8}},"45":{"start":{"line":232,"column":25},"end":{"line":237,"column":6}},"46":{"start":{"line":239,"column":18},"end":{"line":241,"column":6}},"47":{"start":{"line":243,"column":4},"end":{"line":251,"column":6}},"48":{"start":{"line":260,"column":28},"end":{"line":260,"column":31}},"49":{"start":{"line":261,"column":28},"end":{"line":261,"column":31}},"50":{"start":{"line":263,"column":19},"end":{"line":265,"column":6}},"51":{"start":{"line":267,"column":4},"end":{"line":272,"column":5}},"52":{"start":{"line":268,"column":6},"end":{"line":271,"column":8}},"53":{"start":{"line":278,"column":4},"end":{"line":303,"column":5}},"54":{"start":{"line":279,"column":6},"end":{"line":284,"column":7}},"55":{"start":{"line":280,"column":8},"end":{"line":283,"column":10}},"56":{"start":{"line":285,"column":6},"end":{"line":285,"column":49}},"57":{"start":{"line":286,"column":6},"end":{"line":286,"column":27}},"58":{"start":{"line":287,"column":6},"end":{"line":287,"column":33}},"59":{"start":{"line":288,"column":11},"end":{"line":303,"column":5}},"60":{"start":{"line":289,"column":6},"end":{"line":294,"column":7}},"61":{"start":{"line":290,"column":8},"end":{"line":293,"column":10}},"62":{"start":{"line":295,"column":6},"end":{"line":295,"column":49}},"63":{"start":{"line":296,"column":6},"end":{"line":296,"column":27}},"64":{"start":{"line":297,"column":6},"end":{"line":297,"column":33}},"65":{"start":{"line":299,"column":6},"end":{"line":302,"column":8}},"66":{"start":{"line":305,"column":26},"end":{"line":315,"column":6}},"67":{"start":{"line":317,"column":4},"end":{"line":326,"column":7}},"68":{"start":{"line":328,"column":4},"end":{"line":335,"column":6}},"69":{"start":{"line":5,"column":13},"end":{"line":5,"column":26}},"70":{"start":{"line":5,"column":13},"end":{"line":337,"column":null}}},"fnMap":{"0":{"name":"(anonymous_2)","decl":{"start":{"line":6,"column":2},"end":{"line":6,"column":22}},"loc":{"start":{"line":6,"column":43},"end":{"line":6,"column":47}}},"1":{"name":"(anonymous_3)","decl":{"start":{"line":8,"column":2},"end":{"line":8,"column":7}},"loc":{"start":{"line":8,"column":40},"end":{"line":63,"column":3}}},"2":{"name":"(anonymous_4)","decl":{"start":{"line":65,"column":2},"end":{"line":65,"column":7}},"loc":{"start":{"line":70,"column":26},"end":{"line":110,"column":3}}},"3":{"name":"(anonymous_5)","decl":{"start":{"line":112,"column":2},"end":{"line":112,"column":7}},"loc":{"start":{"line":117,"column":24},"end":{"line":218,"column":3}}},"4":{"name":"(anonymous_6)","decl":{"start":{"line":166,"column":50},"end":{"line":166,"column":55}},"loc":{"start":{"line":166,"column":68},"end":{"line":215,"column":5}}},"5":{"name":"(anonymous_7)","decl":{"start":{"line":220,"column":2},"end":{"line":220,"column":7}},"loc":{"start":{"line":220,"column":69},"end":{"line":252,"column":3}}},"6":{"name":"(anonymous_8)","decl":{"start":{"line":254,"column":2},"end":{"line":254,"column":7}},"loc":{"start":{"line":258,"column":18},"end":{"line":336,"column":3}}}},"branchMap":{"0":{"loc":{"start":{"line":16,"column":4},"end":{"line":19,"column":5}},"type":"if","locations":[{"start":{"line":16,"column":4},"end":{"line":19,"column":5}}]},"1":{"loc":{"start":{"line":33,"column":4},"end":{"line":60,"column":5}},"type":"if","locations":[{"start":{"line":33,"column":4},"end":{"line":60,"column":5}},{"start":{"line":58,"column":11},"end":{"line":60,"column":5}}]},"2":{"loc":{"start":{"line":76,"column":4},"end":{"line":84,"column":5}},"type":"if","locations":[{"start":{"line":76,"column":4},"end":{"line":84,"column":5}}]},"3":{"loc":{"start":{"line":102,"column":19},"end":{"line":102,"column":51}},"type":"cond-expr","locations":[{"start":{"line":102,"column":35},"end":{"line":102,"column":44}},{"start":{"line":102,"column":47},"end":{"line":102,"column":51}}]},"4":{"loc":{"start":{"line":103,"column":19},"end":{"line":103,"column":51}},"type":"cond-expr","locations":[{"start":{"line":103,"column":35},"end":{"line":103,"column":44}},{"start":{"line":103,"column":47},"end":{"line":103,"column":51}}]},"5":{"loc":{"start":{"line":104,"column":21},"end":{"line":104,"column":181}},"type":"binary-expr","locations":[{"start":{"line":104,"column":21},"end":{"line":104,"column":32}},{"start":{"line":104,"column":36},"end":{"line":104,"column":181}}]},"6":{"loc":{"start":{"line":104,"column":51},"end":{"line":104,"column":91}},"type":"cond-expr","locations":[{"start":{"line":104,"column":67},"end":{"line":104,"column":86}},{"start":{"line":104,"column":89},"end":{"line":104,"column":91}}]},"7":{"loc":{"start":{"line":104,"column":94},"end":{"line":104,"column":137}},"type":"cond-expr","locations":[{"start":{"line":104,"column":127},"end":{"line":104,"column":132}},{"start":{"line":104,"column":135},"end":{"line":104,"column":137}}]},"8":{"loc":{"start":{"line":104,"column":94},"end":{"line":104,"column":124}},"type":"binary-expr","locations":[{"start":{"line":104,"column":94},"end":{"line":104,"column":107}},{"start":{"line":104,"column":111},"end":{"line":104,"column":124}}]},"9":{"loc":{"start":{"line":104,"column":140},"end":{"line":104,"column":179}},"type":"cond-expr","locations":[{"start":{"line":104,"column":156},"end":{"line":104,"column":174}},{"start":{"line":104,"column":177},"end":{"line":104,"column":179}}]},"10":{"loc":{"start":{"line":105,"column":19},"end":{"line":105,"column":44}},"type":"binary-expr","locations":[{"start":{"line":105,"column":19},"end":{"line":105,"column":32}},{"start":{"line":105,"column":36},"end":{"line":105,"column":44}}]},"11":{"loc":{"start":{"line":125,"column":4},"end":{"line":130,"column":5}},"type":"if","locations":[{"start":{"line":125,"column":4},"end":{"line":130,"column":5}}]},"12":{"loc":{"start":{"line":137,"column":4},"end":{"line":142,"column":5}},"type":"if","locations":[{"start":{"line":137,"column":4},"end":{"line":142,"column":5}}]},"13":{"loc":{"start":{"line":145,"column":4},"end":{"line":151,"column":5}},"type":"if","locations":[{"start":{"line":145,"column":4},"end":{"line":151,"column":5}}]},"14":{"loc":{"start":{"line":145,"column":8},"end":{"line":146,"column":62}},"type":"binary-expr","locations":[{"start":{"line":145,"column":9},"end":{"line":145,"column":22}},{"start":{"line":145,"column":26},"end":{"line":145,"column":61}},{"start":{"line":146,"column":9},"end":{"line":146,"column":22}},{"start":{"line":146,"column":26},"end":{"line":146,"column":61}}]},"15":{"loc":{"start":{"line":155,"column":4},"end":{"line":163,"column":5}},"type":"if","locations":[{"start":{"line":155,"column":4},"end":{"line":163,"column":5}}]},"16":{"loc":{"start":{"line":196,"column":21},"end":{"line":196,"column":54}},"type":"cond-expr","locations":[{"start":{"line":196,"column":37},"end":{"line":196,"column":47}},{"start":{"line":196,"column":50},"end":{"line":196,"column":54}}]},"17":{"loc":{"start":{"line":197,"column":21},"end":{"line":197,"column":54}},"type":"cond-expr","locations":[{"start":{"line":197,"column":37},"end":{"line":197,"column":47}},{"start":{"line":197,"column":50},"end":{"line":197,"column":54}}]},"18":{"loc":{"start":{"line":198,"column":23},"end":{"line":198,"column":74}},"type":"binary-expr","locations":[{"start":{"line":198,"column":23},"end":{"line":198,"column":34}},{"start":{"line":198,"column":38},"end":{"line":198,"column":74}}]},"19":{"loc":{"start":{"line":207,"column":21},"end":{"line":207,"column":53}},"type":"cond-expr","locations":[{"start":{"line":207,"column":37},"end":{"line":207,"column":46}},{"start":{"line":207,"column":49},"end":{"line":207,"column":53}}]},"20":{"loc":{"start":{"line":208,"column":21},"end":{"line":208,"column":53}},"type":"cond-expr","locations":[{"start":{"line":208,"column":37},"end":{"line":208,"column":46}},{"start":{"line":208,"column":49},"end":{"line":208,"column":53}}]},"21":{"loc":{"start":{"line":209,"column":23},"end":{"line":209,"column":66}},"type":"binary-expr","locations":[{"start":{"line":209,"column":23},"end":{"line":209,"column":34}},{"start":{"line":209,"column":38},"end":{"line":209,"column":66}}]},"22":{"loc":{"start":{"line":225,"column":4},"end":{"line":230,"column":5}},"type":"if","locations":[{"start":{"line":225,"column":4},"end":{"line":230,"column":5}}]},"23":{"loc":{"start":{"line":267,"column":4},"end":{"line":272,"column":5}},"type":"if","locations":[{"start":{"line":267,"column":4},"end":{"line":272,"column":5}}]},"24":{"loc":{"start":{"line":278,"column":4},"end":{"line":303,"column":5}},"type":"if","locations":[{"start":{"line":278,"column":4},"end":{"line":303,"column":5}},{"start":{"line":288,"column":11},"end":{"line":303,"column":5}}]},"25":{"loc":{"start":{"line":278,"column":8},"end":{"line":278,"column":54}},"type":"binary-expr","locations":[{"start":{"line":278,"column":8},"end":{"line":278,"column":30}},{"start":{"line":278,"column":34},"end":{"line":278,"column":54}}]},"26":{"loc":{"start":{"line":279,"column":6},"end":{"line":284,"column":7}},"type":"if","locations":[{"start":{"line":279,"column":6},"end":{"line":284,"column":7}}]},"27":{"loc":{"start":{"line":288,"column":11},"end":{"line":303,"column":5}},"type":"if","locations":[{"start":{"line":288,"column":11},"end":{"line":303,"column":5}},{"start":{"line":298,"column":11},"end":{"line":303,"column":5}}]},"28":{"loc":{"start":{"line":288,"column":15},"end":{"line":288,"column":61}},"type":"binary-expr","locations":[{"start":{"line":288,"column":15},"end":{"line":288,"column":37}},{"start":{"line":288,"column":41},"end":{"line":288,"column":61}}]},"29":{"loc":{"start":{"line":289,"column":6},"end":{"line":294,"column":7}},"type":"if","locations":[{"start":{"line":289,"column":6},"end":{"line":294,"column":7}}]},"30":{"loc":{"start":{"line":309,"column":21},"end":{"line":309,"column":67}},"type":"cond-expr","locations":[{"start":{"line":309,"column":46},"end":{"line":309,"column":56}},{"start":{"line":309,"column":59},"end":{"line":309,"column":67}}]},"31":{"loc":{"start":{"line":312,"column":21},"end":{"line":312,"column":67}},"type":"cond-expr","locations":[{"start":{"line":312,"column":46},"end":{"line":312,"column":56}},{"start":{"line":312,"column":59},"end":{"line":312,"column":67}}]},"32":{"loc":{"start":{"line":321,"column":19},"end":{"line":321,"column":65}},"type":"cond-expr","locations":[{"start":{"line":321,"column":44},"end":{"line":321,"column":54}},{"start":{"line":321,"column":57},"end":{"line":321,"column":65}}]},"33":{"loc":{"start":{"line":322,"column":19},"end":{"line":322,"column":65}},"type":"cond-expr","locations":[{"start":{"line":322,"column":44},"end":{"line":322,"column":54}},{"start":{"line":322,"column":57},"end":{"line":322,"column":65}}]},"34":{"loc":{"start":{"line":333,"column":14},"end":{"line":333,"column":72}},"type":"cond-expr","locations":[{"start":{"line":333,"column":39},"end":{"line":333,"column":54}},{"start":{"line":333,"column":57},"end":{"line":333,"column":72}}]}},"s":{"0":2,"1":2,"2":2,"3":18,"4":3,"5":3,"6":3,"7":1,"8":1,"9":2,"10":2,"11":2,"12":1,"13":1,"14":1,"15":1,"16":1,"17":2,"18":2,"19":2,"20":1,"21":2,"22":2,"23":2,"24":4,"25":4,"26":1,"27":3,"28":3,"29":1,"30":2,"31":1,"32":1,"33":1,"34":0,"35":1,"36":1,"37":1,"38":1,"39":1,"40":1,"41":1,"42":2,"43":2,"44":1,"45":1,"46":1,"47":1,"48":6,"49":6,"50":6,"51":6,"52":1,"53":5,"54":2,"55":1,"56":1,"57":1,"58":1,"59":3,"60":2,"61":1,"62":1,"63":1,"64":1,"65":1,"66":2,"67":2,"68":2,"69":2,"70":2},"f":{"0":18,"1":3,"2":2,"3":4,"4":1,"5":2,"6":6},"b":{"0":[1],"1":[1,1],"2":[1],"3":[2,0],"4":[0,2],"5":[2,0],"6":[0,0],"7":[0,0],"8":[0,0],"9":[0,0],"10":[2,2],"11":[1],"12":[1],"13":[1],"14":[2,2,1,0],"15":[0],"16":[1,0],"17":[0,1],"18":[1,1],"19":[1,0],"20":[0,1],"21":[1,1],"22":[1],"23":[1],"24":[2,3],"25":[5,3],"26":[1],"27":[2,1],"28":[3,2],"29":[1],"30":[1,1],"31":[1,1],"32":[1,1],"33":[1,1],"34":[1,1]}}
}
