TN:
SF:src\app.controller.js
FN:2,(anonymous_0)
FN:9,(anonymous_1)
FN:10,accept
FN:19,(anonymous_3)
FN:36,(anonymous_4)
FN:43,(anonymous_5)
FN:50,(anonymous_6)
FN:51,AppController_1
FN:54,(anonymous_8)
FN:60,(anonymous_9)
FN:63,(anonymous_10)
FN:63,(anonymous_11)
FNF:12
FNH:0
FNDA:0,(anonymous_0)
FNDA:0,(anonymous_1)
FNDA:0,accept
FNDA:0,(anonymous_3)
FNDA:0,(anonymous_4)
FNDA:0,(anonymous_5)
FNDA:0,(anonymous_6)
FNDA:0,AppController_1
FNDA:0,(anonymous_8)
FNDA:0,(anonymous_9)
FNDA:0,(anonymous_10)
FNDA:0,(anonymous_11)
DA:2,0
DA:3,0
DA:4,0
DA:5,0
DA:7,0
DA:9,0
DA:10,0
DA:11,0
DA:12,0
DA:13,0
DA:14,0
DA:15,0
DA:16,0
DA:17,0
DA:18,0
DA:19,0
DA:20,0
DA:21,0
DA:22,0
DA:23,0
DA:24,0
DA:25,0
DA:26,0
DA:28,0
DA:29,0
DA:30,0
DA:33,0
DA:34,0
DA:36,0
DA:37,0
DA:38,0
DA:40,0
DA:41,0
DA:42,0
DA:43,0
DA:44,0
DA:46,0
DA:48,0
DA:50,0
DA:52,0
DA:54,0
DA:55,0
DA:57,0
DA:59,0
DA:60,0
DA:61,0
DA:62,0
DA:63,0
DA:64,0
DA:65,0
DA:66,0
DA:67,0
DA:69,0
DA:71,0
LF:54
LH:0
BRDA:2,0,0,0
BRDA:2,0,1,0
BRDA:2,0,2,0
BRDA:5,1,0,0
BRDA:5,1,1,0
BRDA:7,2,0,0
BRDA:7,2,1,0
BRDA:9,3,0,0
BRDA:9,3,1,0
BRDA:9,3,2,0
BRDA:10,4,0,0
BRDA:10,4,1,0
BRDA:10,5,0,0
BRDA:10,5,1,0
BRDA:11,6,0,0
BRDA:11,6,1,0
BRDA:11,7,0,0
BRDA:11,7,1,0
BRDA:12,8,0,0
BRDA:12,8,1,0
BRDA:12,9,0,0
BRDA:12,9,1,0
BRDA:12,10,0,0
BRDA:12,10,1,0
BRDA:13,11,0,0
BRDA:13,11,1,0
BRDA:13,12,0,0
BRDA:13,12,1,0
BRDA:17,13,0,0
BRDA:17,13,1,0
BRDA:19,14,0,0
BRDA:19,14,1,0
BRDA:19,15,0,0
BRDA:19,15,1,0
BRDA:20,16,0,0
BRDA:20,16,1,0
BRDA:21,17,0,0
BRDA:21,17,1,0
BRDA:22,18,0,0
BRDA:22,18,1,0
BRDA:23,19,0,0
BRDA:23,19,1,0
BRDA:23,20,0,0
BRDA:23,20,1,0
BRDA:24,21,0,0
BRDA:24,21,1,0
BRDA:25,22,0,0
BRDA:25,22,1,0
BRDA:26,23,0,0
BRDA:26,23,1,0
BRDA:28,24,0,0
BRDA:28,24,1,0
BRDA:29,25,0,0
BRDA:29,25,1,0
BRDA:33,26,0,0
BRDA:33,26,1,0
BRDA:36,27,0,0
BRDA:36,27,1,0
BRDA:36,27,2,0
BRDA:37,28,0,0
BRDA:37,28,1,0
BRDA:37,29,0,0
BRDA:37,29,1,0
BRDA:38,30,0,0
BRDA:38,30,1,0
BRDA:61,31,0,0
BRDA:61,31,1,0
BRDA:61,32,0,0
BRDA:61,32,1,0
BRDA:66,33,0,0
BRDA:66,33,1,0
BRF:71
BRH:0
end_of_record
TN:
SF:src\app.controller.spec.js
FN:2,(anonymous_0)
FN:3,adopt
FN:3,(anonymous_2)
FN:4,(anonymous_3)
FN:5,fulfilled
FN:6,rejected
FN:7,step
FN:11,(anonymous_7)
FN:12,(anonymous_8)
FN:13,(anonymous_9)
FN:14,verb
FN:14,(anonymous_11)
FN:15,step
FN:42,(anonymous_13)
FN:44,(anonymous_14)
FN:44,(anonymous_15)
FN:46,(anonymous_16)
FN:59,(anonymous_17)
FN:60,(anonymous_18)
FNF:19
FNH:0
FNDA:0,(anonymous_0)
FNDA:0,adopt
FNDA:0,(anonymous_2)
FNDA:0,(anonymous_3)
FNDA:0,fulfilled
FNDA:0,rejected
FNDA:0,step
FNDA:0,(anonymous_7)
FNDA:0,(anonymous_8)
FNDA:0,(anonymous_9)
FNDA:0,verb
FNDA:0,(anonymous_11)
FNDA:0,step
FNDA:0,(anonymous_13)
FNDA:0,(anonymous_14)
FNDA:0,(anonymous_15)
FNDA:0,(anonymous_16)
FNDA:0,(anonymous_17)
FNDA:0,(anonymous_18)
DA:2,0
DA:3,0
DA:4,0
DA:5,0
DA:6,0
DA:7,0
DA:8,0
DA:11,0
DA:12,0
DA:13,0
DA:14,0
DA:16,0
DA:17,0
DA:18,0
DA:19,0
DA:20,0
DA:21,0
DA:22,0
DA:23,0
DA:24,0
DA:26,0
DA:27,0
DA:28,0
DA:29,0
DA:30,0
DA:31,0
DA:33,0
DA:34,0
DA:35,0
DA:38,0
DA:39,0
DA:40,0
DA:41,0
DA:42,0
DA:44,0
DA:46,0
DA:47,0
DA:48,0
DA:53,0
DA:54,0
DA:55,0
DA:59,0
DA:60,0
DA:61,0
LF:44
LH:0
BRDA:2,0,0,0
BRDA:2,0,1,0
BRDA:2,0,2,0
BRDA:3,1,0,0
BRDA:3,1,1,0
BRDA:4,2,0,0
BRDA:4,2,1,0
BRDA:7,3,0,0
BRDA:7,3,1,0
BRDA:8,4,0,0
BRDA:8,4,1,0
BRDA:11,5,0,0
BRDA:11,5,1,0
BRDA:11,5,2,0
BRDA:12,6,0,0
BRDA:12,6,1,0
BRDA:12,7,0,0
BRDA:12,7,1,0
BRDA:13,8,0,0
BRDA:13,8,1,0
BRDA:16,9,0,0
BRDA:16,9,1,0
BRDA:17,10,0,0
BRDA:17,10,1,0
BRDA:17,11,0,0
BRDA:17,11,1,0
BRDA:18,12,0,0
BRDA:18,12,1,0
BRDA:18,13,0,0
BRDA:18,13,1,0
BRDA:18,13,2,0
BRDA:18,14,0,0
BRDA:18,14,1,0
BRDA:18,15,0,0
BRDA:18,15,1,0
BRDA:18,16,0,0
BRDA:18,16,1,0
BRDA:18,17,0,0
BRDA:18,17,1,0
BRDA:19,18,0,0
BRDA:19,18,1,0
BRDA:20,19,0,0
BRDA:20,19,1,0
BRDA:20,19,2,0
BRDA:20,19,3,0
BRDA:20,19,4,0
BRDA:20,19,5,0
BRDA:26,20,0,0
BRDA:26,20,1,0
BRDA:26,21,0,0
BRDA:26,21,1,0
BRDA:26,21,2,0
BRDA:26,22,0,0
BRDA:26,22,1,0
BRDA:27,23,0,0
BRDA:27,23,1,0
BRDA:27,24,0,0
BRDA:27,24,1,0
BRDA:27,24,2,0
BRDA:27,24,3,0
BRDA:28,25,0,0
BRDA:28,25,1,0
BRDA:28,26,0,0
BRDA:28,26,1,0
BRDA:29,27,0,0
BRDA:29,27,1,0
BRDA:29,28,0,0
BRDA:29,28,1,0
BRDA:30,29,0,0
BRDA:30,29,1,0
BRDA:35,30,0,0
BRDA:35,30,1,0
BRDA:35,31,0,0
BRDA:35,31,1,0
BRDA:47,32,0,0
BRDA:47,32,1,0
BRF:76
BRH:0
end_of_record
TN:
SF:src\app.controller.ts
FN:6,(anonymous_2)
FN:9,(anonymous_3)
FN:14,(anonymous_4)
FNF:3
FNH:0
FNDA:0,(anonymous_2)
FNDA:0,(anonymous_3)
FNDA:0,(anonymous_4)
DA:1,0
DA:2,0
DA:5,0
DA:6,0
DA:9,0
DA:10,0
DA:14,0
DA:15,0
LF:8
LH:0
BRF:0
BRH:0
end_of_record
TN:
SF:src\app.service.js
FN:2,(anonymous_0)
FN:3,accept
FN:12,(anonymous_2)
FN:29,(anonymous_3)
FN:36,(anonymous_4)
FN:43,(anonymous_5)
FN:48,(anonymous_6)
FN:49,AppService_1
FN:51,(anonymous_8)
FN:57,(anonymous_9)
FNF:10
FNH:0
FNDA:0,(anonymous_0)
FNDA:0,accept
FNDA:0,(anonymous_2)
FNDA:0,(anonymous_3)
FNDA:0,(anonymous_4)
FNDA:0,(anonymous_5)
FNDA:0,(anonymous_6)
FNDA:0,AppService_1
FNDA:0,(anonymous_8)
FNDA:0,(anonymous_9)
DA:2,0
DA:3,0
DA:4,0
DA:5,0
DA:6,0
DA:7,0
DA:8,0
DA:9,0
DA:10,0
DA:11,0
DA:12,0
DA:13,0
DA:14,0
DA:15,0
DA:16,0
DA:17,0
DA:18,0
DA:19,0
DA:21,0
DA:22,0
DA:23,0
DA:26,0
DA:27,0
DA:29,0
DA:30,0
DA:31,0
DA:32,0
DA:34,0
DA:36,0
DA:37,0
DA:38,0
DA:40,0
DA:41,0
DA:42,0
DA:43,0
DA:44,0
DA:46,0
DA:48,0
DA:51,0
DA:52,0
DA:54,0
DA:56,0
DA:57,0
DA:58,0
DA:59,0
DA:60,0
DA:61,0
DA:62,0
DA:64,0
DA:66,0
LF:50
LH:0
BRDA:2,0,0,0
BRDA:2,0,1,0
BRDA:2,0,2,0
BRDA:3,1,0,0
BRDA:3,1,1,0
BRDA:3,2,0,0
BRDA:3,2,1,0
BRDA:4,3,0,0
BRDA:4,3,1,0
BRDA:4,4,0,0
BRDA:4,4,1,0
BRDA:5,5,0,0
BRDA:5,5,1,0
BRDA:5,6,0,0
BRDA:5,6,1,0
BRDA:5,7,0,0
BRDA:5,7,1,0
BRDA:6,8,0,0
BRDA:6,8,1,0
BRDA:6,9,0,0
BRDA:6,9,1,0
BRDA:10,10,0,0
BRDA:10,10,1,0
BRDA:12,11,0,0
BRDA:12,11,1,0
BRDA:12,12,0,0
BRDA:12,12,1,0
BRDA:13,13,0,0
BRDA:13,13,1,0
BRDA:14,14,0,0
BRDA:14,14,1,0
BRDA:15,15,0,0
BRDA:15,15,1,0
BRDA:16,16,0,0
BRDA:16,16,1,0
BRDA:16,17,0,0
BRDA:16,17,1,0
BRDA:17,18,0,0
BRDA:17,18,1,0
BRDA:18,19,0,0
BRDA:18,19,1,0
BRDA:19,20,0,0
BRDA:19,20,1,0
BRDA:21,21,0,0
BRDA:21,21,1,0
BRDA:22,22,0,0
BRDA:22,22,1,0
BRDA:26,23,0,0
BRDA:26,23,1,0
BRDA:29,24,0,0
BRDA:29,24,1,0
BRDA:29,24,2,0
BRDA:32,25,0,0
BRDA:32,25,1,0
BRDA:34,26,0,0
BRDA:34,26,1,0
BRDA:36,27,0,0
BRDA:36,27,1,0
BRDA:36,27,2,0
BRDA:37,28,0,0
BRDA:37,28,1,0
BRDA:37,29,0,0
BRDA:37,29,1,0
BRDA:38,30,0,0
BRDA:38,30,1,0
BRDA:58,31,0,0
BRDA:58,31,1,0
BRDA:58,32,0,0
BRDA:58,32,1,0
BRDA:61,33,0,0
BRDA:61,33,1,0
BRF:71
BRH:0
end_of_record
TN:
SF:src\app.service.ts
FN:5,(anonymous_1)
FNF:1
FNH:0
FNDA:0,(anonymous_1)
DA:1,0
DA:4,0
DA:6,0
LF:3
LH:0
BRF:0
BRH:0
end_of_record
TN:
SF:src\categories\categories.controller.ts
FN:8,(anonymous_4)
FN:11,(anonymous_5)
FN:16,(anonymous_6)
FN:21,(anonymous_7)
FN:26,(anonymous_8)
FN:31,(anonymous_9)
FNF:6
FNH:1
FNDA:1,(anonymous_4)
FNDA:0,(anonymous_5)
FNDA:0,(anonymous_6)
FNDA:0,(anonymous_7)
FNDA:0,(anonymous_8)
FNDA:0,(anonymous_9)
DA:1,1
DA:2,1
DA:3,1
DA:7,1
DA:8,1
DA:11,1
DA:12,0
DA:16,1
DA:17,0
DA:21,1
DA:22,0
DA:26,1
DA:27,0
DA:31,1
DA:32,0
LF:15
LH:10
BRF:0
BRH:0
end_of_record
TN:
SF:src\categories\categories.service.ts
FN:8,(anonymous_2)
FN:10,(anonymous_3)
FN:20,(anonymous_4)
FN:24,(anonymous_5)
FN:30,(anonymous_6)
FN:42,(anonymous_7)
FNF:6
FNH:6
FNDA:10,(anonymous_2)
FNDA:1,(anonymous_3)
FNDA:1,(anonymous_4)
FNDA:2,(anonymous_5)
FNDA:2,(anonymous_6)
FNDA:2,(anonymous_7)
DA:1,2
DA:2,2
DA:7,2
DA:8,10
DA:11,1
DA:21,1
DA:25,2
DA:26,2
DA:27,1
DA:31,2
DA:38,2
DA:39,1
DA:43,2
DA:44,2
DA:45,1
LF:15
LH:15
BRDA:26,0,0,1
BRDA:38,1,0,1
BRDA:44,2,0,1
BRF:3
BRH:3
end_of_record
TN:
SF:src\common\filters\http-exception.filter.ts
FN:6,(anonymous_1)
FNF:1
FNH:0
FNDA:0,(anonymous_1)
DA:1,0
DA:5,0
DA:7,0
DA:8,0
DA:9,0
DA:10,0
DA:12,0
DA:20,0
DA:25,0
DA:35,0
LF:10
LH:0
BRF:0
BRH:0
end_of_record
TN:
SF:src\locations\global-locations.controller.ts
FN:10,(anonymous_4)
FN:14,(anonymous_5)
FN:20,(anonymous_6)
FN:25,(anonymous_7)
FN:30,(anonymous_8)
FN:35,(anonymous_9)
FNF:6
FNH:0
FNDA:0,(anonymous_4)
FNDA:0,(anonymous_5)
FNDA:0,(anonymous_6)
FNDA:0,(anonymous_7)
FNDA:0,(anonymous_8)
FNDA:0,(anonymous_9)
DA:1,0
DA:2,0
DA:3,0
DA:4,0
DA:5,0
DA:9,0
DA:10,0
DA:14,0
DA:15,0
DA:20,0
DA:21,0
DA:25,0
DA:26,0
DA:30,0
DA:31,0
DA:35,0
DA:36,0
LF:17
LH:0
BRF:0
BRH:0
end_of_record
TN:
SF:src\notifications\notifications.controller.ts
FN:10,(anonymous_4)
FN:15,(anonymous_5)
FN:22,(anonymous_6)
FN:30,(anonymous_7)
FN:41,(anonymous_8)
FN:49,(anonymous_9)
FN:57,(anonymous_10)
FN:65,(anonymous_11)
FN:72,(anonymous_12)
FN:80,(anonymous_13)
FN:87,(anonymous_14)
FN:94,(anonymous_15)
FNF:12
FNH:0
FNDA:0,(anonymous_4)
FNDA:0,(anonymous_5)
FNDA:0,(anonymous_6)
FNDA:0,(anonymous_7)
FNDA:0,(anonymous_8)
FNDA:0,(anonymous_9)
FNDA:0,(anonymous_10)
FNDA:0,(anonymous_11)
FNDA:0,(anonymous_12)
FNDA:0,(anonymous_13)
FNDA:0,(anonymous_14)
FNDA:0,(anonymous_15)
DA:1,0
DA:2,0
DA:3,0
DA:4,0
DA:5,0
DA:9,0
DA:10,0
DA:15,0
DA:16,0
DA:22,0
DA:23,0
DA:30,0
DA:34,0
DA:35,0
DA:41,0
DA:42,0
DA:49,0
DA:50,0
DA:57,0
DA:58,0
DA:65,0
DA:66,0
DA:72,0
DA:73,0
DA:80,0
DA:81,0
DA:87,0
DA:88,0
DA:94,0
DA:100,0
LF:30
LH:0
BRDA:34,0,0,0
BRDA:34,0,1,0
BRF:2
BRH:0
end_of_record
TN:
SF:src\notifications\notifications.service.ts
FN:8,(anonymous_2)
FN:11,(anonymous_3)
FN:26,(anonymous_4)
FN:38,(anonymous_5)
FN:54,(anonymous_6)
FN:72,(anonymous_7)
FN:95,(anonymous_8)
FN:114,(anonymous_9)
FN:128,(anonymous_10)
FN:138,(anonymous_11)
FN:148,(anonymous_12)
FN:171,(anonymous_13)
FNF:12
FNH:12
FNDA:13,(anonymous_2)
FNDA:2,(anonymous_3)
FNDA:1,(anonymous_4)
FNDA:1,(anonymous_5)
FNDA:5,(anonymous_6)
FNDA:1,(anonymous_7)
FNDA:1,(anonymous_8)
FNDA:1,(anonymous_9)
FNDA:1,(anonymous_10)
FNDA:1,(anonymous_11)
FNDA:1,(anonymous_12)
FNDA:1,(anonymous_13)
DA:1,1
DA:2,1
DA:7,1
DA:8,13
DA:12,2
DA:27,1
DA:39,1
DA:55,5
DA:64,5
DA:65,1
DA:68,4
DA:74,1
DA:76,1
DA:79,1
DA:80,1
DA:83,1
DA:97,1
DA:99,1
DA:115,1
DA:130,1
DA:132,1
DA:139,1
DA:149,1
DA:156,1
DA:163,1
DA:177,1
LF:26
LH:26
BRDA:38,0,0,1
BRDA:42,1,0,1
BRDA:42,1,1,0
BRDA:64,2,0,1
BRDA:79,3,0,1
BRDA:175,4,0,1
BRF:6
BRH:5
end_of_record
TN:
SF:src\planners\planners.controller.ts
FN:25,(anonymous_4)
FN:30,(anonymous_5)
FN:45,(anonymous_6)
FN:59,(anonymous_7)
FN:73,(anonymous_8)
FN:92,(anonymous_9)
FN:106,(anonymous_10)
FN:121,(anonymous_11)
FN:134,(anonymous_12)
FNF:9
FNH:0
FNDA:0,(anonymous_4)
FNDA:0,(anonymous_5)
FNDA:0,(anonymous_6)
FNDA:0,(anonymous_7)
FNDA:0,(anonymous_8)
FNDA:0,(anonymous_9)
FNDA:0,(anonymous_10)
FNDA:0,(anonymous_11)
FNDA:0,(anonymous_12)
DA:1,0
DA:14,0
DA:15,0
DA:16,0
DA:17,0
DA:24,0
DA:25,0
DA:30,0
DA:32,0
DA:34,0
DA:36,0
DA:45,0
DA:46,0
DA:48,0
DA:50,0
DA:59,0
DA:60,0
DA:62,0
DA:64,0
DA:73,0
DA:78,0
DA:80,0
DA:82,0
DA:92,0
DA:93,0
DA:95,0
DA:97,0
DA:106,0
DA:107,0
DA:109,0
DA:111,0
DA:121,0
DA:122,0
DA:124,0
DA:126,0
DA:134,0
DA:135,0
DA:137,0
DA:139,0
LF:39
LH:0
BRDA:32,0,0,0
BRDA:32,0,1,0
BRDA:32,1,0,0
BRDA:32,1,1,0
BRDA:32,2,0,0
BRDA:32,2,1,0
BRDA:46,3,0,0
BRDA:46,3,1,0
BRDA:46,4,0,0
BRDA:46,4,1,0
BRDA:46,5,0,0
BRDA:46,5,1,0
BRDA:60,6,0,0
BRDA:60,6,1,0
BRDA:60,7,0,0
BRDA:60,7,1,0
BRDA:60,8,0,0
BRDA:60,8,1,0
BRDA:78,9,0,0
BRDA:78,9,1,0
BRDA:78,10,0,0
BRDA:78,10,1,0
BRDA:78,11,0,0
BRDA:78,11,1,0
BRDA:93,12,0,0
BRDA:93,12,1,0
BRDA:93,13,0,0
BRDA:93,13,1,0
BRDA:93,14,0,0
BRDA:93,14,1,0
BRDA:107,15,0,0
BRDA:107,15,1,0
BRDA:107,16,0,0
BRDA:107,16,1,0
BRDA:107,17,0,0
BRDA:107,17,1,0
BRDA:122,18,0,0
BRDA:122,18,1,0
BRDA:122,19,0,0
BRDA:122,19,1,0
BRDA:122,20,0,0
BRDA:122,20,1,0
BRDA:135,21,0,0
BRDA:135,21,1,0
BRDA:135,22,0,0
BRDA:135,22,1,0
BRDA:135,23,0,0
BRDA:135,23,1,0
BRF:48
BRH:0
end_of_record
TN:
SF:src\prisma\prisma.service.ts
FN:6,(anonymous_1)
FNF:1
FNH:0
FNDA:0,(anonymous_1)
DA:1,9
DA:2,9
DA:5,9
DA:7,0
LF:4
LH:3
BRF:0
BRH:0
end_of_record
TN:
SF:src\products\products.controller.ts
FN:10,(anonymous_4)
FN:14,(anonymous_5)
FN:20,(anonymous_6)
FN:26,(anonymous_7)
FN:32,(anonymous_8)
FN:37,(anonymous_9)
FN:42,(anonymous_10)
FN:47,(anonymous_11)
FNF:8
FNH:8
FNDA:8,(anonymous_4)
FNDA:1,(anonymous_5)
FNDA:1,(anonymous_6)
FNDA:1,(anonymous_7)
FNDA:1,(anonymous_8)
FNDA:1,(anonymous_9)
FNDA:1,(anonymous_10)
FNDA:1,(anonymous_11)
DA:1,1
DA:2,1
DA:3,1
DA:5,1
DA:9,1
DA:10,8
DA:14,1
DA:15,1
DA:20,1
DA:21,1
DA:26,1
DA:27,1
DA:32,1
DA:33,1
DA:37,1
DA:38,1
DA:42,1
DA:43,1
DA:47,1
DA:48,1
LF:20
LH:20
BRF:0
BRH:0
end_of_record
TN:
SF:src\products\products.service.ts
FN:11,(anonymous_2)
FN:15,(anonymous_3)
FN:45,(anonymous_4)
FN:47,(anonymous_5)
FN:51,(anonymous_6)
FN:64,(anonymous_7)
FN:94,(anonymous_8)
FN:110,(anonymous_9)
FN:116,(anonymous_10)
FN:120,(anonymous_11)
FN:134,(anonymous_12)
FN:138,(anonymous_13)
FNF:12
FNH:12
FNDA:13,(anonymous_2)
FNDA:2,(anonymous_3)
FNDA:1,(anonymous_4)
FNDA:1,(anonymous_5)
FNDA:2,(anonymous_6)
FNDA:2,(anonymous_7)
FNDA:2,(anonymous_8)
FNDA:1,(anonymous_9)
FNDA:1,(anonymous_10)
FNDA:2,(anonymous_11)
FNDA:2,(anonymous_12)
FNDA:5,(anonymous_13)
DA:1,2
DA:4,2
DA:5,2
DA:6,2
DA:9,2
DA:11,13
DA:16,2
DA:17,2
DA:34,1
DA:35,1
DA:36,1
DA:37,1
DA:40,0
DA:46,1
DA:47,1
DA:52,2
DA:57,2
DA:58,1
DA:60,1
DA:65,2
DA:66,2
DA:69,2
DA:70,0
DA:72,2
DA:73,0
DA:75,2
DA:76,0
DA:79,2
DA:86,1
DA:87,1
DA:89,0
DA:95,2
DA:96,2
DA:102,1
DA:103,1
DA:105,0
DA:111,1
DA:116,1
DA:121,2
DA:134,2
DA:139,5
LF:41
LH:35
BRDA:24,0,0,2
BRDA:24,0,1,0
BRDA:24,1,0,2
BRDA:24,1,1,2
BRDA:26,2,0,2
BRDA:26,2,1,0
BRDA:27,3,0,2
BRDA:27,3,1,0
BRDA:28,4,0,2
BRDA:28,4,1,0
BRDA:34,5,0,1
BRDA:36,6,0,1
BRDA:57,7,0,1
BRDA:69,8,0,0
BRDA:70,9,0,0
BRDA:70,9,1,0
BRDA:72,10,0,0
BRDA:73,11,0,0
BRDA:73,11,1,0
BRDA:75,12,0,0
BRDA:76,13,0,0
BRDA:76,13,1,0
BRDA:86,14,0,1
BRDA:86,15,0,1
BRDA:86,15,1,1
BRDA:102,16,0,1
BRDA:102,17,0,1
BRDA:102,17,1,1
BRDA:130,18,0,1
BRDA:130,18,1,1
BRDA:141,19,0,5
BRDA:141,19,1,0
BRDA:142,20,0,5
BRDA:142,20,1,0
BRDA:143,21,0,5
BRDA:143,21,1,0
BRF:36
BRH:20
end_of_record
TN:
SF:src\reviews\reviews.controller.ts
FN:8,(anonymous_4)
FN:11,(anonymous_5)
FN:16,(anonymous_6)
FN:21,(anonymous_7)
FN:26,(anonymous_8)
FN:31,(anonymous_9)
FN:37,(anonymous_10)
FN:42,(anonymous_11)
FN:47,(anonymous_12)
FNF:9
FNH:0
FNDA:0,(anonymous_4)
FNDA:0,(anonymous_5)
FNDA:0,(anonymous_6)
FNDA:0,(anonymous_7)
FNDA:0,(anonymous_8)
FNDA:0,(anonymous_9)
FNDA:0,(anonymous_10)
FNDA:0,(anonymous_11)
FNDA:0,(anonymous_12)
DA:1,1
DA:2,1
DA:3,1
DA:7,1
DA:8,0
DA:11,1
DA:12,0
DA:16,1
DA:17,0
DA:21,1
DA:22,0
DA:26,1
DA:27,0
DA:31,1
DA:32,0
DA:37,1
DA:38,0
DA:42,1
DA:43,0
DA:47,1
DA:53,0
DA:54,0
LF:22
LH:12
BRDA:53,0,0,0
BRDA:53,0,1,0
BRDA:53,1,0,0
BRDA:53,1,1,0
BRDA:53,2,0,0
BRDA:53,2,1,0
BRF:6
BRH:0
end_of_record
TN:
SF:src\reviews\reviews.service.ts
FN:8,(anonymous_2)
FN:11,(anonymous_3)
FN:45,(anonymous_4)
FN:50,(anonymous_5)
FN:57,(anonymous_6)
FN:64,(anonymous_7)
FN:71,(anonymous_8)
FN:87,(anonymous_9)
FN:97,(anonymous_10)
FN:108,(anonymous_11)
FNF:10
FNH:10
FNDA:11,(anonymous_2)
FNDA:2,(anonymous_3)
FNDA:1,(anonymous_4)
FNDA:2,(anonymous_5)
FNDA:1,(anonymous_6)
FNDA:1,(anonymous_7)
FNDA:1,(anonymous_8)
FNDA:1,(anonymous_9)
FNDA:2,(anonymous_10)
FNDA:1,(anonymous_11)
DA:1,2
DA:2,2
DA:7,2
DA:8,11
DA:13,2
DA:15,2
DA:16,1
DA:19,1
DA:46,1
DA:51,2
DA:52,2
DA:53,1
DA:58,1
DA:59,1
DA:60,1
DA:65,1
DA:66,1
DA:67,1
DA:72,1
DA:88,1
DA:95,1
DA:96,1
DA:97,2
DA:100,1
DA:109,1
LF:25
LH:25
BRDA:15,0,0,1
BRDA:15,1,0,2
BRDA:15,1,1,2
BRDA:15,1,2,2
BRDA:15,1,3,2
BRDA:52,2,0,1
BRDA:59,3,0,0
BRDA:66,4,0,0
BRDA:96,5,0,1
BRDA:96,5,1,0
BRF:10
BRH:7
end_of_record
TN:
SF:src\services\services.controller.ts
FN:22,isPrismaError
FN:28,(anonymous_5)
FN:31,(anonymous_6)
FN:61,(anonymous_7)
FN:95,(anonymous_8)
FN:100,(anonymous_9)
FN:105,(anonymous_10)
FN:109,(anonymous_11)
FN:114,(anonymous_12)
FN:123,(anonymous_13)
FN:148,(anonymous_14)
FNF:11
FNH:0
FNDA:0,isPrismaError
FNDA:0,(anonymous_5)
FNDA:0,(anonymous_6)
FNDA:0,(anonymous_7)
FNDA:0,(anonymous_8)
FNDA:0,(anonymous_9)
FNDA:0,(anonymous_10)
FNDA:0,(anonymous_11)
FNDA:0,(anonymous_12)
FNDA:0,(anonymous_13)
FNDA:0,(anonymous_14)
DA:1,0
DA:17,0
DA:18,0
DA:23,0
DA:27,0
DA:28,0
DA:31,0
DA:32,0
DA:36,0
DA:37,0
DA:38,0
DA:43,0
DA:45,0
DA:46,0
DA:51,0
DA:52,0
DA:55,0
DA:56,0
DA:61,0
DA:68,0
DA:69,0
DA:70,0
DA:72,0
DA:73,0
DA:78,0
DA:91,0
DA:95,0
DA:96,0
DA:100,0
DA:101,0
DA:105,0
DA:106,0
DA:109,0
DA:110,0
DA:114,0
DA:115,0
DA:116,0
DA:117,0
DA:119,0
DA:123,0
DA:127,0
DA:129,0
DA:134,0
DA:140,0
DA:141,0
DA:143,0
DA:148,0
DA:149,0
LF:48
LH:0
BRDA:23,0,0,0
BRDA:23,0,1,0
BRDA:23,0,2,0
BRDA:43,1,0,0
BRDA:45,2,0,0
BRDA:51,3,0,0
BRDA:68,4,0,0
BRDA:68,5,0,0
BRDA:68,5,1,0
BRDA:68,5,2,0
BRDA:68,5,3,0
BRDA:69,6,0,0
BRDA:69,6,1,0
BRDA:70,7,0,0
BRDA:70,7,1,0
BRDA:72,8,0,0
BRDA:72,9,0,0
BRDA:72,9,1,0
BRDA:72,9,2,0
BRDA:72,9,3,0
BRDA:83,10,0,0
BRDA:83,10,1,0
BRDA:85,11,0,0
BRDA:85,11,1,0
BRDA:116,12,0,0
BRDA:140,13,0,0
BRDA:140,14,0,0
BRDA:140,14,1,0
BRF:28
BRH:0
end_of_record
TN:
SF:src\suppliers\suppliers.controller.ts
FN:12,(anonymous_4)
FN:16,(anonymous_5)
FN:21,(anonymous_6)
FN:25,(anonymous_7)
FN:30,(anonymous_8)
FN:39,(anonymous_9)
FN:44,(anonymous_10)
FN:49,(anonymous_11)
FN:54,(anonymous_12)
FN:59,(anonymous_13)
FN:67,(anonymous_14)
FNF:11
FNH:0
FNDA:0,(anonymous_4)
FNDA:0,(anonymous_5)
FNDA:0,(anonymous_6)
FNDA:0,(anonymous_7)
FNDA:0,(anonymous_8)
FNDA:0,(anonymous_9)
FNDA:0,(anonymous_10)
FNDA:0,(anonymous_11)
FNDA:0,(anonymous_12)
FNDA:0,(anonymous_13)
FNDA:0,(anonymous_14)
DA:3,0
DA:4,0
DA:5,0
DA:7,0
DA:11,0
DA:12,0
DA:16,0
DA:17,0
DA:21,0
DA:22,0
DA:25,0
DA:26,0
DA:30,0
DA:35,0
DA:39,0
DA:40,0
DA:44,0
DA:45,0
DA:49,0
DA:50,0
DA:54,0
DA:55,0
DA:59,0
DA:63,0
DA:67,0
DA:68,0
LF:26
LH:0
BRDA:35,0,0,0
BRDA:35,0,1,0
BRF:2
BRH:0
end_of_record
TN:
SF:src\users\users.controller.ts
FN:8,(anonymous_4)
FN:11,(anonymous_5)
FN:16,(anonymous_6)
FN:21,(anonymous_7)
FN:25,(anonymous_8)
FN:30,(anonymous_9)
FN:35,(anonymous_10)
FNF:7
FNH:0
FNDA:0,(anonymous_4)
FNDA:0,(anonymous_5)
FNDA:0,(anonymous_6)
FNDA:0,(anonymous_7)
FNDA:0,(anonymous_8)
FNDA:0,(anonymous_9)
FNDA:0,(anonymous_10)
DA:1,0
DA:2,0
DA:3,0
DA:4,0
DA:7,0
DA:8,0
DA:11,0
DA:12,0
DA:16,0
DA:17,0
DA:21,0
DA:22,0
DA:25,0
DA:26,0
DA:30,0
DA:31,0
DA:35,0
DA:36,0
LF:18
LH:0
BRF:0
BRH:0
end_of_record
TN:
SF:src\wallet\wallet.controller.ts
FN:26,(anonymous_4)
FN:29,(anonymous_5)
FN:57,(anonymous_6)
FN:104,(anonymous_7)
FN:151,(anonymous_8)
FN:176,(anonymous_9)
FNF:6
FNH:6
FNDA:9,(anonymous_4)
FNDA:1,(anonymous_5)
FNDA:2,(anonymous_6)
FNDA:2,(anonymous_7)
FNDA:1,(anonymous_8)
FNDA:2,(anonymous_9)
DA:1,1
DA:2,1
DA:25,1
DA:26,9
DA:29,1
DA:30,1
DA:31,1
DA:32,1
DA:33,1
DA:34,1
DA:39,0
DA:42,0
DA:43,0
DA:49,0
DA:57,1
DA:61,2
DA:62,2
DA:65,2
DA:66,1
DA:72,1
DA:73,0
DA:79,1
DA:87,1
DA:93,1
DA:94,1
DA:96,0
DA:104,1
DA:108,2
DA:109,2
DA:112,2
DA:113,1
DA:119,1
DA:120,0
DA:126,1
DA:134,1
DA:140,1
DA:141,1
DA:143,0
DA:151,1
DA:156,1
DA:157,1
DA:163,1
DA:168,0
DA:176,1
DA:180,2
DA:181,2
DA:183,2
DA:184,1
DA:190,1
DA:197,1
DA:203,1
DA:204,1
DA:206,0
LF:53
LH:43
BRDA:42,0,0,0
BRDA:42,1,0,0
BRDA:42,1,1,0
BRDA:42,2,0,0
BRDA:42,2,1,0
BRDA:42,3,0,0
BRDA:42,3,1,0
BRDA:42,4,0,0
BRDA:42,4,1,0
BRDA:42,5,0,0
BRDA:42,5,1,0
BRDA:42,6,0,0
BRDA:42,6,1,0
BRDA:42,7,0,0
BRDA:42,7,1,0
BRDA:50,8,0,0
BRDA:50,8,1,0
BRDA:50,9,0,0
BRDA:50,9,1,0
BRDA:50,10,0,0
BRDA:50,10,1,0
BRDA:65,11,0,1
BRDA:65,12,0,2
BRDA:65,12,1,1
BRDA:72,13,0,0
BRDA:72,14,0,1
BRDA:72,14,1,1
BRDA:72,14,2,1
BRDA:72,14,3,0
BRDA:81,15,0,1
BRDA:81,15,1,0
BRDA:82,16,0,1
BRDA:82,16,1,1
BRDA:93,17,0,1
BRDA:112,18,0,1
BRDA:119,19,0,0
BRDA:119,20,0,1
BRDA:119,20,1,0
BRDA:129,21,0,1
BRDA:129,21,1,0
BRDA:130,22,0,1
BRDA:130,22,1,1
BRDA:140,23,0,1
BRDA:153,24,0,0
BRDA:154,25,0,0
BRDA:183,26,0,1
BRDA:203,27,0,1
BRF:47
BRH:18
end_of_record
TN:
SF:src\wallet\wallet.service.ts
FN:6,(anonymous_2)
FN:8,(anonymous_3)
FN:66,(anonymous_4)
FN:123,(anonymous_5)
FN:185,(anonymous_6)
FN:249,(anonymous_7)
FN:283,(anonymous_8)
FNF:7
FNH:4
FNDA:22,(anonymous_2)
FNDA:0,(anonymous_3)
FNDA:4,(anonymous_4)
FNDA:0,(anonymous_5)
FNDA:0,(anonymous_6)
FNDA:2,(anonymous_7)
FNDA:6,(anonymous_8)
DA:1,2
DA:2,2
DA:5,2
DA:6,22
DA:9,0
DA:12,0
DA:16,0
DA:17,0
DA:18,0
DA:21,0
DA:23,0
DA:28,0
DA:29,0
DA:31,0
DA:33,0
DA:45,0
DA:46,0
DA:58,0
DA:60,0
DA:63,0
DA:73,4
DA:77,4
DA:79,1
DA:80,1
DA:92,4
DA:106,4
DA:107,4
DA:120,4
DA:131,0
DA:136,0
DA:137,0
DA:144,0
DA:148,0
DA:149,0
DA:156,0
DA:158,0
DA:165,0
DA:169,0
DA:171,0
DA:172,0
DA:185,0
DA:186,0
DA:199,0
DA:214,0
DA:215,0
DA:217,0
DA:230,0
DA:243,0
DA:246,0
DA:250,2
DA:254,2
DA:255,1
DA:261,1
DA:268,1
DA:272,1
DA:289,6
DA:290,6
DA:292,6
DA:296,6
DA:297,1
DA:307,5
DA:308,2
DA:309,1
DA:314,1
DA:315,1
DA:316,1
DA:317,3
DA:318,2
DA:319,1
DA:324,1
DA:325,1
DA:326,1
DA:328,1
DA:334,2
DA:348,2
DA:349,2
DA:362,2
LF:77
LH:40
BRDA:16,0,0,0
BRDA:28,1,0,0
BRDA:28,1,1,0
BRDA:77,2,0,1
BRDA:112,3,0,3
BRDA:112,3,1,1
BRDA:113,4,0,3
BRDA:113,4,1,1
BRDA:114,5,0,4
BRDA:114,5,1,2
BRDA:114,6,0,1
BRDA:114,6,1,1
BRDA:114,7,0,1
BRDA:114,7,1,1
BRDA:114,8,0,2
BRDA:114,8,1,1
BRDA:114,9,0,2
BRDA:114,9,1,0
BRDA:115,10,0,4
BRDA:115,10,1,4
BRDA:136,11,0,0
BRDA:148,12,0,0
BRDA:156,13,0,0
BRDA:156,14,0,0
BRDA:156,14,1,0
BRDA:156,14,2,0
BRDA:156,14,3,0
BRDA:169,15,0,0
BRDA:222,16,0,0
BRDA:222,16,1,0
BRDA:223,17,0,0
BRDA:223,17,1,0
BRDA:224,18,0,0
BRDA:224,18,1,0
BRDA:235,19,0,0
BRDA:235,19,1,0
BRDA:236,20,0,0
BRDA:236,20,1,0
BRDA:237,21,0,0
BRDA:237,21,1,0
BRDA:254,22,0,1
BRDA:296,23,0,1
BRDA:307,24,0,2
BRDA:307,24,1,3
BRDA:307,25,0,5
BRDA:307,25,1,3
BRDA:308,26,0,1
BRDA:317,27,0,2
BRDA:317,27,1,1
BRDA:317,28,0,3
BRDA:317,28,1,2
BRDA:318,29,0,1
BRDA:338,30,0,1
BRDA:338,30,1,1
BRDA:341,31,0,1
BRDA:341,31,1,1
BRDA:354,32,0,1
BRDA:354,32,1,1
BRDA:355,33,0,1
BRDA:355,33,1,1
BRDA:367,34,0,1
BRDA:367,34,1,1
BRF:62
BRH:38
end_of_record
